Setting up google drive service...
Done
Nie zaznaczono krzyzyka w A1
INFO:root:Setting up google drive service...
WARNING:googleapiclient.discovery_cache:file_cache is unavailable when using oauth2client >= 4.0.0 or google-auth
Traceback (most recent call last):
  File "/home/ctrtimet/virtualenv/scripts/ctr_time_trials/3.7/lib/python3.7/site-packages/googleapiclient/discovery_cache/__init__.py", line 36, in autodetect
    from google.appengine.api import memcache
ModuleNotFoundError: No module named 'google.appengine'

During handling of the above exception, another exception occurred:

Traceback (most recent call last):
  File "/home/ctrtimet/virtualenv/scripts/ctr_time_trials/3.7/lib/python3.7/site-packages/googleapiclient/discovery_cache/file_cache.py", line 33, in <module>
    from oauth2client.contrib.locked_file import LockedFile
ModuleNotFoundError: No module named 'oauth2client'

During handling of the above exception, another exception occurred:

Traceback (most recent call last):
  File "/home/ctrtimet/virtualenv/scripts/ctr_time_trials/3.7/lib/python3.7/site-packages/googleapiclient/discovery_cache/file_cache.py", line 37, in <module>
    from oauth2client.locked_file import LockedFile
ModuleNotFoundError: No module named 'oauth2client'

During handling of the above exception, another exception occurred:

Traceback (most recent call last):
  File "/home/ctrtimet/virtualenv/scripts/ctr_time_trials/3.7/lib/python3.7/site-packages/googleapiclient/discovery_cache/__init__.py", line 42, in autodetect
    from . import file_cache
  File "/home/ctrtimet/virtualenv/scripts/ctr_time_trials/3.7/lib/python3.7/site-packages/googleapiclient/discovery_cache/file_cache.py", line 41, in <module>
    "file_cache is unavailable when using oauth2client >= 4.0.0 or google-auth"
ImportError: file_cache is unavailable when using oauth2client >= 4.0.0 or google-auth
INFO:googleapiclient.discovery:URL being requested: GET https://www.googleapis.com/discovery/v1/apis/drive/v3/rest
WARNING:googleapiclient.discovery_cache:file_cache is unavailable when using oauth2client >= 4.0.0 or google-auth
Traceback (most recent call last):
  File "/home/ctrtimet/virtualenv/scripts/ctr_time_trials/3.7/lib/python3.7/site-packages/googleapiclient/discovery_cache/__init__.py", line 36, in autodetect
    from google.appengine.api import memcache
ModuleNotFoundError: No module named 'google.appengine'

During handling of the above exception, another exception occurred:

Traceback (most recent call last):
  File "/home/ctrtimet/virtualenv/scripts/ctr_time_trials/3.7/lib/python3.7/site-packages/googleapiclient/discovery_cache/file_cache.py", line 33, in <module>
    from oauth2client.contrib.locked_file import LockedFile
ModuleNotFoundError: No module named 'oauth2client'

During handling of the above exception, another exception occurred:

Traceback (most recent call last):
  File "/home/ctrtimet/virtualenv/scripts/ctr_time_trials/3.7/lib/python3.7/site-packages/googleapiclient/discovery_cache/file_cache.py", line 37, in <module>
    from oauth2client.locked_file import LockedFile
ModuleNotFoundError: No module named 'oauth2client'

During handling of the above exception, another exception occurred:

Traceback (most recent call last):
  File "/home/ctrtimet/virtualenv/scripts/ctr_time_trials/3.7/lib/python3.7/site-packages/googleapiclient/discovery_cache/__init__.py", line 42, in autodetect
    from . import file_cache
  File "/home/ctrtimet/virtualenv/scripts/ctr_time_trials/3.7/lib/python3.7/site-packages/googleapiclient/discovery_cache/file_cache.py", line 41, in <module>
    "file_cache is unavailable when using oauth2client >= 4.0.0 or google-auth"
ImportError: file_cache is unavailable when using oauth2client >= 4.0.0 or google-auth
INFO:googleapiclient.discovery:URL being requested: GET https://www.googleapis.com/discovery/v1/apis/sheets/v4/rest
INFO:root:Done
INFO:root:Nie zaznaczono krzyzyka w A1
INFO:root:Pospie troche...
INFO:root:Nie zaznaczono krzyzyka w A1
INFO:root:Pospie troche...
INFO:root:Nie zaznaczono krzyzyka w A1
INFO:root:Pospie troche...
INFO:googleapiclient.discovery:URL being requested: GET https://www.googleapis.com/drive/v3/files/1GkJn3AyHLRftVHzHuViml6gMbjbS9EQ20kVSXTvXxhQ/export?mimeType=application%2Fvnd.openxmlformats-officedocument.spreadsheetml.sheet&alt=media
INFO:root:DIEdaara entered the Gold Tier
INFO:root:MEDYK-POLSKA entered the Sapphire Tier
INFO:root:kubalok25 entered the Platinum Tier
INFO:root:Wysylanie pliku...
INFO:googleapiclient.discovery:URL being requested: PATCH https://www.googleapis.com/upload/drive/v3/files/1IOO3bJcAG7u7hoZYxnjMeW_yca8L8JNokkIYjiU-1Kc?fields=id&alt=json&uploadType=multipart
INFO:root:Sciagam sheet IDs...
INFO:root:{'Nitro Tier': 1715264246, 'Platinum Tier': 2110570800, 'Gold Tier': 76097744, 'Sapphire Tier': 418934453}
INFO:root:Resetuje arkusz do inputu...
INFO:googleapiclient.discovery:URL being requested: POST https://sheets.googleapis.com/v4/spreadsheets/1GkJn3AyHLRftVHzHuViml6gMbjbS9EQ20kVSXTvXxhQ/values/B1%3AZ50:clear?alt=json
INFO:root:{'spreadsheetId': '1GkJn3AyHLRftVHzHuViml6gMbjbS9EQ20kVSXTvXxhQ', 'clearedRange': 'Input!B1:Z50'}
INFO:googleapiclient.discovery:URL being requested: POST https://sheets.googleapis.com/v4/spreadsheets/1GkJn3AyHLRftVHzHuViml6gMbjbS9EQ20kVSXTvXxhQ/values/A1:clear?alt=json
INFO:root:{'spreadsheetId': '1GkJn3AyHLRftVHzHuViml6gMbjbS9EQ20kVSXTvXxhQ', 'clearedRange': 'Input!A1'}
INFO:root:Resetuje uprawnienia arkuszu do inputu...
INFO:googleapiclient.discovery:URL being requested: POST https://sheets.googleapis.com/v4/spreadsheets/1GkJn3AyHLRftVHzHuViml6gMbjbS9EQ20kVSXTvXxhQ:batchUpdate?alt=json
INFO:root:{'spreadsheetId': '1GkJn3AyHLRftVHzHuViml6gMbjbS9EQ20kVSXTvXxhQ', 'replies': [{'addProtectedRange': {'protectedRange': {'protectedRangeId': 190889160, 'range': {'sheetId': 118857125, 'startRowIndex': 1, 'startColumnIndex': 0, 'endColumnIndex': 1}, 'description': 'Protecting track names', 'requestingUserCanEdit': True, 'editors': {'users': ['myjniak@gmail.com']}}}}]}
INFO:root:ROBOTA SKONCZONA
INFO:root:Pospie troche...
INFO:root:Nie zaznaczono krzyzyka w A1
INFO:root:Pospie troche...
INFO:root:Nie zaznaczono krzyzyka w A1
INFO:root:Pospie troche...
INFO:root:Nie zaznaczono krzyzyka w A1
INFO:root:Pospie troche...
INFO:root:Nie zaznaczono krzyzyka w A1
INFO:root:Pospie troche...
INFO:root:Nie zaznaczono krzyzyka w A1
INFO:root:Pospie troche...
INFO:root:Nie zaznaczono krzyzyka w A1
INFO:root:Pospie troche...
INFO:root:Nie zaznaczono krzyzyka w A1
INFO:root:Pospie troche...
INFO:root:Nie zaznaczono krzyzyka w A1
INFO:root:Pospie troche...
INFO:root:Nie zaznaczono krzyzyka w A1
INFO:root:Pospie troche...
INFO:root:Nie zaznaczono krzyzyka w A1
INFO:root:Pospie troche...
INFO:root:Nie zaznaczono krzyzyka w A1
INFO:root:Pospie troche...
INFO:root:Nie zaznaczono krzyzyka w A1
INFO:root:Pospie troche...
INFO:root:Nie zaznaczono krzyzyka w A1
INFO:root:Pospie troche...
INFO:root:Nie zaznaczono krzyzyka w A1
INFO:root:Pospie troche...
INFO:root:Nie zaznaczono krzyzyka w A1
INFO:root:Pospie troche...
INFO:root:Nie zaznaczono krzyzyka w A1
INFO:root:Pospie troche...
INFO:root:Nie zaznaczono krzyzyka w A1
INFO:root:Pospie troche...
INFO:root:Nie zaznaczono krzyzyka w A1
INFO:root:Pospie troche...
INFO:root:Nie zaznaczono krzyzyka w A1
INFO:root:Pospie troche...
INFO:root:Nie zaznaczono krzyzyka w A1
INFO:root:Pospie troche...
INFO:root:Nie zaznaczono krzyzyka w A1
INFO:root:Pospie troche...
INFO:root:Nie zaznaczono krzyzyka w A1
INFO:root:Pospie troche...
INFO:root:Nie zaznaczono krzyzyka w A1
INFO:root:Pospie troche...
INFO:root:Nie zaznaczono krzyzyka w A1
INFO:root:Pospie troche...
INFO:root:Nie zaznaczono krzyzyka w A1
INFO:root:Pospie troche...
INFO:root:Nie zaznaczono krzyzyka w A1
INFO:root:Pospie troche...
INFO:root:Nie zaznaczono krzyzyka w A1
INFO:root:Pospie troche...
INFO:root:Nie zaznaczono krzyzyka w A1
INFO:root:Pospie troche...
INFO:root:Nie zaznaczono krzyzyka w A1
INFO:root:Pospie troche...
INFO:root:Nie zaznaczono krzyzyka w A1
INFO:root:Pospie troche...
INFO:root:Nie zaznaczono krzyzyka w A1
INFO:root:Pospie troche...
INFO:root:Nie zaznaczono krzyzyka w A1
INFO:root:Pospie troche...
INFO:root:Nie zaznaczono krzyzyka w A1
INFO:root:Pospie troche...
INFO:root:Nie zaznaczono krzyzyka w A1
INFO:root:Pospie troche...
INFO:root:Nie zaznaczono krzyzyka w A1
INFO:root:Pospie troche...
INFO:root:Nie zaznaczono krzyzyka w A1
INFO:root:Pospie troche...
INFO:root:Nie zaznaczono krzyzyka w A1
INFO:root:Pospie troche...
INFO:root:Nie zaznaczono krzyzyka w A1
INFO:root:Pospie troche...
INFO:root:Nie zaznaczono krzyzyka w A1
INFO:root:Pospie troche...
INFO:root:Nie zaznaczono krzyzyka w A1
INFO:root:Pospie troche...
INFO:root:Nie zaznaczono krzyzyka w A1
INFO:root:Pospie troche...
INFO:root:Nie zaznaczono krzyzyka w A1
INFO:root:Pospie troche...
INFO:root:Nie zaznaczono krzyzyka w A1
INFO:root:Pospie troche...
INFO:root:Nie zaznaczono krzyzyka w A1
INFO:root:Pospie troche...
INFO:root:Nie zaznaczono krzyzyka w A1
INFO:root:Pospie troche...
INFO:root:Nie zaznaczono krzyzyka w A1
INFO:root:Pospie troche...
INFO:root:Nie zaznaczono krzyzyka w A1
INFO:root:Pospie troche...
INFO:root:Nie zaznaczono krzyzyka w A1
INFO:root:Pospie troche...
INFO:root:Nie zaznaczono krzyzyka w A1
INFO:root:Pospie troche...
INFO:root:Nie zaznaczono krzyzyka w A1
INFO:root:Pospie troche...
INFO:root:Nie zaznaczono krzyzyka w A1
INFO:root:Pospie troche...
INFO:root:Nie zaznaczono krzyzyka w A1
INFO:root:Pospie troche...
INFO:root:Nie zaznaczono krzyzyka w A1
INFO:root:Pospie troche...
INFO:root:Nie zaznaczono krzyzyka w A1
INFO:root:Pospie troche...
INFO:root:Nie zaznaczono krzyzyka w A1
INFO:root:Pospie troche...
INFO:root:Nie zaznaczono krzyzyka w A1
INFO:root:Pospie troche...
INFO:root:Nie zaznaczono krzyzyka w A1
INFO:root:Pospie troche...
INFO:root:Nie zaznaczono krzyzyka w A1
INFO:root:Pospie troche...
INFO:root:Nie zaznaczono krzyzyka w A1
INFO:root:Pospie troche...
INFO:root:Nie zaznaczono krzyzyka w A1
INFO:root:Pospie troche...
INFO:root:Nie zaznaczono krzyzyka w A1
INFO:root:Pospie troche...
INFO:root:Nie zaznaczono krzyzyka w A1
INFO:root:Pospie troche...
INFO:root:Nie zaznaczono krzyzyka w A1
INFO:root:Pospie troche...
INFO:root:Nie zaznaczono krzyzyka w A1
INFO:root:Pospie troche...
INFO:root:Nie zaznaczono krzyzyka w A1
INFO:root:Pospie troche...
INFO:root:Nie zaznaczono krzyzyka w A1
INFO:root:Pospie troche...
INFO:root:Setting up google drive service...
WARNING:googleapiclient.discovery_cache:file_cache is unavailable when using oauth2client >= 4.0.0 or google-auth
Traceback (most recent call last):
  File "/home/ctrtimet/virtualenv/scripts/ctr_time_trials/3.7/lib/python3.7/site-packages/googleapiclient/discovery_cache/__init__.py", line 36, in autodetect
    from google.appengine.api import memcache
ModuleNotFoundError: No module named 'google.appengine'

During handling of the above exception, another exception occurred:

Traceback (most recent call last):
  File "/home/ctrtimet/virtualenv/scripts/ctr_time_trials/3.7/lib/python3.7/site-packages/googleapiclient/discovery_cache/file_cache.py", line 33, in <module>
    from oauth2client.contrib.locked_file import LockedFile
ModuleNotFoundError: No module named 'oauth2client'

During handling of the above exception, another exception occurred:

Traceback (most recent call last):
  File "/home/ctrtimet/virtualenv/scripts/ctr_time_trials/3.7/lib/python3.7/site-packages/googleapiclient/discovery_cache/file_cache.py", line 37, in <module>
    from oauth2client.locked_file import LockedFile
ModuleNotFoundError: No module named 'oauth2client'

During handling of the above exception, another exception occurred:

Traceback (most recent call last):
  File "/home/ctrtimet/virtualenv/scripts/ctr_time_trials/3.7/lib/python3.7/site-packages/googleapiclient/discovery_cache/__init__.py", line 42, in autodetect
    from . import file_cache
  File "/home/ctrtimet/virtualenv/scripts/ctr_time_trials/3.7/lib/python3.7/site-packages/googleapiclient/discovery_cache/file_cache.py", line 41, in <module>
    "file_cache is unavailable when using oauth2client >= 4.0.0 or google-auth"
ImportError: file_cache is unavailable when using oauth2client >= 4.0.0 or google-auth
INFO:googleapiclient.discovery:URL being requested: GET https://www.googleapis.com/discovery/v1/apis/drive/v3/rest
WARNING:googleapiclient.discovery_cache:file_cache is unavailable when using oauth2client >= 4.0.0 or google-auth
Traceback (most recent call last):
  File "/home/ctrtimet/virtualenv/scripts/ctr_time_trials/3.7/lib/python3.7/site-packages/googleapiclient/discovery_cache/__init__.py", line 36, in autodetect
    from google.appengine.api import memcache
ModuleNotFoundError: No module named 'google.appengine'

During handling of the above exception, another exception occurred:

Traceback (most recent call last):
  File "/home/ctrtimet/virtualenv/scripts/ctr_time_trials/3.7/lib/python3.7/site-packages/googleapiclient/discovery_cache/file_cache.py", line 33, in <module>
    from oauth2client.contrib.locked_file import LockedFile
ModuleNotFoundError: No module named 'oauth2client'

During handling of the above exception, another exception occurred:

Traceback (most recent call last):
  File "/home/ctrtimet/virtualenv/scripts/ctr_time_trials/3.7/lib/python3.7/site-packages/googleapiclient/discovery_cache/file_cache.py", line 37, in <module>
    from oauth2client.locked_file import LockedFile
ModuleNotFoundError: No module named 'oauth2client'

During handling of the above exception, another exception occurred:

Traceback (most recent call last):
  File "/home/ctrtimet/virtualenv/scripts/ctr_time_trials/3.7/lib/python3.7/site-packages/googleapiclient/discovery_cache/__init__.py", line 42, in autodetect
    from . import file_cache
  File "/home/ctrtimet/virtualenv/scripts/ctr_time_trials/3.7/lib/python3.7/site-packages/googleapiclient/discovery_cache/file_cache.py", line 41, in <module>
    "file_cache is unavailable when using oauth2client >= 4.0.0 or google-auth"
ImportError: file_cache is unavailable when using oauth2client >= 4.0.0 or google-auth
INFO:googleapiclient.discovery:URL being requested: GET https://www.googleapis.com/discovery/v1/apis/sheets/v4/rest
INFO:root:Done
INFO:root:Nie zaznaczono krzyzyka w A1
INFO:root:Pospie troche...
INFO:root:Nie zaznaczono krzyzyka w A1
INFO:root:Pospie troche...
INFO:root:Nie zaznaczono krzyzyka w A1
INFO:root:Pospie troche...
INFO:root:Nie zaznaczono krzyzyka w A1
INFO:root:Pospie troche...
INFO:root:Nie zaznaczono krzyzyka w A1
INFO:root:Pospie troche...
INFO:root:Nie zaznaczono krzyzyka w A1
INFO:root:Pospie troche...
INFO:root:Nie zaznaczono krzyzyka w A1
INFO:root:Pospie troche...
INFO:googleapiclient.discovery:URL being requested: GET https://www.googleapis.com/drive/v3/files/1GkJn3AyHLRftVHzHuViml6gMbjbS9EQ20kVSXTvXxhQ/export?mimeType=application%2Fvnd.openxmlformats-officedocument.spreadsheetml.sheet&alt=media
INFO:root:Wysylanie pliku...
INFO:googleapiclient.discovery:URL being requested: PATCH https://www.googleapis.com/upload/drive/v3/files/1IOO3bJcAG7u7hoZYxnjMeW_yca8L8JNokkIYjiU-1Kc?fields=id&alt=json&uploadType=multipart
INFO:root:Sciagam sheet IDs...
INFO:root:{'Nitro Tier': 1526758022, 'Platinum Tier': 1691197339, 'Gold Tier': 1984915083, 'Sapphire Tier': 785263569}
INFO:root:Resetuje arkusz do inputu...
INFO:googleapiclient.discovery:URL being requested: POST https://sheets.googleapis.com/v4/spreadsheets/1GkJn3AyHLRftVHzHuViml6gMbjbS9EQ20kVSXTvXxhQ/values/B1%3AZ50:clear?alt=json
INFO:root:{'spreadsheetId': '1GkJn3AyHLRftVHzHuViml6gMbjbS9EQ20kVSXTvXxhQ', 'clearedRange': 'Input!B1:Z50'}
INFO:googleapiclient.discovery:URL being requested: POST https://sheets.googleapis.com/v4/spreadsheets/1GkJn3AyHLRftVHzHuViml6gMbjbS9EQ20kVSXTvXxhQ/values/A1:clear?alt=json
INFO:root:{'spreadsheetId': '1GkJn3AyHLRftVHzHuViml6gMbjbS9EQ20kVSXTvXxhQ', 'clearedRange': 'Input!A1'}
INFO:root:Resetuje uprawnienia arkuszu do inputu...
INFO:googleapiclient.discovery:URL being requested: POST https://sheets.googleapis.com/v4/spreadsheets/1GkJn3AyHLRftVHzHuViml6gMbjbS9EQ20kVSXTvXxhQ:batchUpdate?alt=json
INFO:root:{'spreadsheetId': '1GkJn3AyHLRftVHzHuViml6gMbjbS9EQ20kVSXTvXxhQ', 'replies': [{'addProtectedRange': {'protectedRange': {'protectedRangeId': 1452965930, 'range': {'sheetId': 118857125, 'startRowIndex': 1, 'startColumnIndex': 0, 'endColumnIndex': 1}, 'description': 'Protecting track names', 'requestingUserCanEdit': True, 'editors': {'users': ['myjniak@gmail.com']}}}}]}
INFO:root:ROBOTA SKONCZONA
INFO:root:Pospie troche...
INFO:root:Nie zaznaczono krzyzyka w A1
INFO:root:Pospie troche...
INFO:root:Nie zaznaczono krzyzyka w A1
INFO:root:Pospie troche...
INFO:root:Nie zaznaczono krzyzyka w A1
INFO:root:Pospie troche...
INFO:root:Nie zaznaczono krzyzyka w A1
INFO:root:Pospie troche...
INFO:root:Nie zaznaczono krzyzyka w A1
INFO:root:Pospie troche...
INFO:root:Nie zaznaczono krzyzyka w A1
INFO:root:Pospie troche...
INFO:root:Nie zaznaczono krzyzyka w A1
INFO:root:Pospie troche...
INFO:root:Nie zaznaczono krzyzyka w A1
INFO:root:Pospie troche...
INFO:root:Nie zaznaczono krzyzyka w A1
INFO:root:Pospie troche...
INFO:root:Nie zaznaczono krzyzyka w A1
INFO:root:Pospie troche...
INFO:root:Nie zaznaczono krzyzyka w A1
INFO:root:Pospie troche...
INFO:root:Nie zaznaczono krzyzyka w A1
INFO:root:Pospie troche...
INFO:root:Nie zaznaczono krzyzyka w A1
INFO:root:Pospie troche...
INFO:root:Nie zaznaczono krzyzyka w A1
INFO:root:Pospie troche...
INFO:root:Nie zaznaczono krzyzyka w A1
INFO:root:Pospie troche...
INFO:root:Nie zaznaczono krzyzyka w A1
INFO:root:Pospie troche...
INFO:root:Nie zaznaczono krzyzyka w A1
INFO:root:Pospie troche...
INFO:root:Nie zaznaczono krzyzyka w A1
INFO:root:Pospie troche...
INFO:root:Nie zaznaczono krzyzyka w A1
INFO:root:Pospie troche...
INFO:root:Nie zaznaczono krzyzyka w A1
INFO:root:Pospie troche...
INFO:root:Nie zaznaczono krzyzyka w A1
INFO:root:Pospie troche...
INFO:root:Nie zaznaczono krzyzyka w A1
INFO:root:Pospie troche...
INFO:root:Nie zaznaczono krzyzyka w A1
INFO:root:Pospie troche...
INFO:root:Nie zaznaczono krzyzyka w A1
INFO:root:Pospie troche...
INFO:root:Nie zaznaczono krzyzyka w A1
INFO:root:Pospie troche...
INFO:root:Nie zaznaczono krzyzyka w A1
INFO:root:Pospie troche...
INFO:root:Nie zaznaczono krzyzyka w A1
INFO:root:Pospie troche...
INFO:root:Nie zaznaczono krzyzyka w A1
INFO:root:Pospie troche...
INFO:root:Nie zaznaczono krzyzyka w A1
INFO:root:Pospie troche...
INFO:root:Nie zaznaczono krzyzyka w A1
INFO:root:Pospie troche...
INFO:root:Nie zaznaczono krzyzyka w A1
INFO:root:Pospie troche...
INFO:root:Nie zaznaczono krzyzyka w A1
INFO:root:Pospie troche...
INFO:root:Nie zaznaczono krzyzyka w A1
INFO:root:Pospie troche...
INFO:root:Nie zaznaczono krzyzyka w A1
INFO:root:Pospie troche...
INFO:root:Nie zaznaczono krzyzyka w A1
INFO:root:Pospie troche...
INFO:root:Nie zaznaczono krzyzyka w A1
INFO:root:Pospie troche...
INFO:root:Nie zaznaczono krzyzyka w A1
INFO:root:Pospie troche...
INFO:root:Nie zaznaczono krzyzyka w A1
INFO:root:Pospie troche...
INFO:root:Nie zaznaczono krzyzyka w A1
INFO:root:Pospie troche...
INFO:root:Nie zaznaczono krzyzyka w A1
INFO:root:Pospie troche...
INFO:root:Nie zaznaczono krzyzyka w A1
INFO:root:Pospie troche...
INFO:root:Nie zaznaczono krzyzyka w A1
INFO:root:Pospie troche...
INFO:root:Nie zaznaczono krzyzyka w A1
INFO:root:Pospie troche...
INFO:root:Nie zaznaczono krzyzyka w A1
INFO:root:Pospie troche...
INFO:root:Nie zaznaczono krzyzyka w A1
INFO:root:Pospie troche...
INFO:root:Nie zaznaczono krzyzyka w A1
INFO:root:Pospie troche...
INFO:root:Nie zaznaczono krzyzyka w A1
INFO:root:Pospie troche...
INFO:root:Nie zaznaczono krzyzyka w A1
INFO:root:Pospie troche...
INFO:root:Nie zaznaczono krzyzyka w A1
INFO:root:Pospie troche...
INFO:root:Nie zaznaczono krzyzyka w A1
INFO:root:Pospie troche...
INFO:root:Nie zaznaczono krzyzyka w A1
INFO:root:Pospie troche...
INFO:root:Nie zaznaczono krzyzyka w A1
INFO:root:Pospie troche...
INFO:root:Nie zaznaczono krzyzyka w A1
INFO:root:Pospie troche...
INFO:root:Nie zaznaczono krzyzyka w A1
INFO:root:Pospie troche...
INFO:root:Nie zaznaczono krzyzyka w A1
INFO:root:Pospie troche...
INFO:root:Nie zaznaczono krzyzyka w A1
INFO:root:Pospie troche...
INFO:root:Nie zaznaczono krzyzyka w A1
INFO:root:Pospie troche...
INFO:root:Nie zaznaczono krzyzyka w A1
INFO:root:Pospie troche...
INFO:root:Nie zaznaczono krzyzyka w A1
INFO:root:Pospie troche...
INFO:root:Nie zaznaczono krzyzyka w A1
INFO:root:Pospie troche...
INFO:root:Nie zaznaczono krzyzyka w A1
INFO:root:Pospie troche...
INFO:root:Nie zaznaczono krzyzyka w A1
INFO:root:Pospie troche...
INFO:root:Nie zaznaczono krzyzyka w A1
INFO:root:Pospie troche...
INFO:root:Nie zaznaczono krzyzyka w A1
INFO:root:Pospie troche...
INFO:root:Nie zaznaczono krzyzyka w A1
INFO:root:Pospie troche...
INFO:root:Nie zaznaczono krzyzyka w A1
INFO:root:Pospie troche...
INFO:root:Nie zaznaczono krzyzyka w A1
INFO:root:Pospie troche...
INFO:root:Nie zaznaczono krzyzyka w A1
INFO:root:Pospie troche...
INFO:root:Nie zaznaczono krzyzyka w A1
INFO:root:Pospie troche...
INFO:root:Nie zaznaczono krzyzyka w A1
INFO:root:Pospie troche...
INFO:root:Nie zaznaczono krzyzyka w A1
INFO:root:Pospie troche...
INFO:root:Nie zaznaczono krzyzyka w A1
INFO:root:Pospie troche...
INFO:root:Nie zaznaczono krzyzyka w A1
INFO:root:Pospie troche...
INFO:root:Nie zaznaczono krzyzyka w A1
INFO:root:Pospie troche...
INFO:root:Nie zaznaczono krzyzyka w A1
INFO:root:Pospie troche...
INFO:root:Nie zaznaczono krzyzyka w A1
INFO:root:Pospie troche...
INFO:root:Nie zaznaczono krzyzyka w A1
INFO:root:Pospie troche...
INFO:root:Setting up google drive service...
WARNING:googleapiclient.discovery_cache:file_cache is unavailable when using oauth2client >= 4.0.0 or google-auth
Traceback (most recent call last):
  File "/home/ctrtimet/virtualenv/scripts/ctr_time_trials/3.7/lib/python3.7/site-packages/googleapiclient/discovery_cache/__init__.py", line 36, in autodetect
    from google.appengine.api import memcache
ModuleNotFoundError: No module named 'google.appengine'

During handling of the above exception, another exception occurred:

Traceback (most recent call last):
  File "/home/ctrtimet/virtualenv/scripts/ctr_time_trials/3.7/lib/python3.7/site-packages/googleapiclient/discovery_cache/file_cache.py", line 33, in <module>
    from oauth2client.contrib.locked_file import LockedFile
ModuleNotFoundError: No module named 'oauth2client'

During handling of the above exception, another exception occurred:

Traceback (most recent call last):
  File "/home/ctrtimet/virtualenv/scripts/ctr_time_trials/3.7/lib/python3.7/site-packages/googleapiclient/discovery_cache/file_cache.py", line 37, in <module>
    from oauth2client.locked_file import LockedFile
ModuleNotFoundError: No module named 'oauth2client'

During handling of the above exception, another exception occurred:

Traceback (most recent call last):
  File "/home/ctrtimet/virtualenv/scripts/ctr_time_trials/3.7/lib/python3.7/site-packages/googleapiclient/discovery_cache/__init__.py", line 42, in autodetect
    from . import file_cache
  File "/home/ctrtimet/virtualenv/scripts/ctr_time_trials/3.7/lib/python3.7/site-packages/googleapiclient/discovery_cache/file_cache.py", line 41, in <module>
    "file_cache is unavailable when using oauth2client >= 4.0.0 or google-auth"
ImportError: file_cache is unavailable when using oauth2client >= 4.0.0 or google-auth
INFO:googleapiclient.discovery:URL being requested: GET https://www.googleapis.com/discovery/v1/apis/drive/v3/rest
WARNING:googleapiclient.discovery_cache:file_cache is unavailable when using oauth2client >= 4.0.0 or google-auth
Traceback (most recent call last):
  File "/home/ctrtimet/virtualenv/scripts/ctr_time_trials/3.7/lib/python3.7/site-packages/googleapiclient/discovery_cache/__init__.py", line 36, in autodetect
    from google.appengine.api import memcache
ModuleNotFoundError: No module named 'google.appengine'

During handling of the above exception, another exception occurred:

Traceback (most recent call last):
  File "/home/ctrtimet/virtualenv/scripts/ctr_time_trials/3.7/lib/python3.7/site-packages/googleapiclient/discovery_cache/file_cache.py", line 33, in <module>
    from oauth2client.contrib.locked_file import LockedFile
ModuleNotFoundError: No module named 'oauth2client'

During handling of the above exception, another exception occurred:

Traceback (most recent call last):
  File "/home/ctrtimet/virtualenv/scripts/ctr_time_trials/3.7/lib/python3.7/site-packages/googleapiclient/discovery_cache/file_cache.py", line 37, in <module>
    from oauth2client.locked_file import LockedFile
ModuleNotFoundError: No module named 'oauth2client'

During handling of the above exception, another exception occurred:

Traceback (most recent call last):
  File "/home/ctrtimet/virtualenv/scripts/ctr_time_trials/3.7/lib/python3.7/site-packages/googleapiclient/discovery_cache/__init__.py", line 42, in autodetect
    from . import file_cache
  File "/home/ctrtimet/virtualenv/scripts/ctr_time_trials/3.7/lib/python3.7/site-packages/googleapiclient/discovery_cache/file_cache.py", line 41, in <module>
    "file_cache is unavailable when using oauth2client >= 4.0.0 or google-auth"
ImportError: file_cache is unavailable when using oauth2client >= 4.0.0 or google-auth
INFO:googleapiclient.discovery:URL being requested: GET https://www.googleapis.com/discovery/v1/apis/sheets/v4/rest
INFO:root:Done
INFO:root:Nie zaznaczono krzyzyka w A1
INFO:root:Pospie troche...
INFO:root:Nie zaznaczono krzyzyka w A1
INFO:root:Pospie troche...
INFO:root:Nie zaznaczono krzyzyka w A1
INFO:root:Pospie troche...
INFO:root:Nie zaznaczono krzyzyka w A1
INFO:root:Pospie troche...
INFO:root:Nie zaznaczono krzyzyka w A1
INFO:root:Pospie troche...
INFO:root:Nie zaznaczono krzyzyka w A1
INFO:root:Pospie troche...
INFO:root:Nie zaznaczono krzyzyka w A1
INFO:root:Pospie troche...
INFO:googleapiclient.discovery:URL being requested: GET https://www.googleapis.com/drive/v3/files/1GkJn3AyHLRftVHzHuViml6gMbjbS9EQ20kVSXTvXxhQ/export?mimeType=application%2Fvnd.openxmlformats-officedocument.spreadsheetml.sheet&alt=media
INFO:root:Wysylanie pliku...
INFO:googleapiclient.discovery:URL being requested: PATCH https://www.googleapis.com/upload/drive/v3/files/1IOO3bJcAG7u7hoZYxnjMeW_yca8L8JNokkIYjiU-1Kc?fields=id&alt=json&uploadType=multipart
INFO:root:Sciagam sheet IDs...
INFO:root:{'Nitro Tier': 1791923240, 'Platinum Tier': 916527521, 'Gold Tier': 1072829893, 'Sapphire Tier': 1809123769}
INFO:root:Resetuje arkusz do inputu...
INFO:googleapiclient.discovery:URL being requested: POST https://sheets.googleapis.com/v4/spreadsheets/1GkJn3AyHLRftVHzHuViml6gMbjbS9EQ20kVSXTvXxhQ/values/B1%3AZ50:clear?alt=json
INFO:root:{'spreadsheetId': '1GkJn3AyHLRftVHzHuViml6gMbjbS9EQ20kVSXTvXxhQ', 'clearedRange': 'Input!B1:Z50'}
INFO:googleapiclient.discovery:URL being requested: POST https://sheets.googleapis.com/v4/spreadsheets/1GkJn3AyHLRftVHzHuViml6gMbjbS9EQ20kVSXTvXxhQ/values/A1:clear?alt=json
INFO:root:{'spreadsheetId': '1GkJn3AyHLRftVHzHuViml6gMbjbS9EQ20kVSXTvXxhQ', 'clearedRange': 'Input!A1'}
INFO:root:Resetuje uprawnienia arkuszu do inputu...
INFO:googleapiclient.discovery:URL being requested: POST https://sheets.googleapis.com/v4/spreadsheets/1GkJn3AyHLRftVHzHuViml6gMbjbS9EQ20kVSXTvXxhQ:batchUpdate?alt=json
INFO:root:{'spreadsheetId': '1GkJn3AyHLRftVHzHuViml6gMbjbS9EQ20kVSXTvXxhQ', 'replies': [{'addProtectedRange': {'protectedRange': {'protectedRangeId': 1581659072, 'range': {'sheetId': 118857125, 'startRowIndex': 1, 'startColumnIndex': 0, 'endColumnIndex': 1}, 'description': 'Protecting track names', 'requestingUserCanEdit': True, 'editors': {'users': ['myjniak@gmail.com']}}}}]}
INFO:root:ROBOTA SKONCZONA
INFO:root:Pospie troche...
INFO:root:Nie zaznaczono krzyzyka w A1
INFO:root:Pospie troche...
INFO:root:Nie zaznaczono krzyzyka w A1
INFO:root:Pospie troche...
INFO:root:Nie zaznaczono krzyzyka w A1
INFO:root:Pospie troche...
INFO:root:Nie zaznaczono krzyzyka w A1
INFO:root:Pospie troche...
INFO:root:Nie zaznaczono krzyzyka w A1
INFO:root:Pospie troche...
INFO:root:Nie zaznaczono krzyzyka w A1
INFO:root:Pospie troche...
INFO:root:Nie zaznaczono krzyzyka w A1
INFO:root:Pospie troche...
INFO:root:Nie zaznaczono krzyzyka w A1
INFO:root:Pospie troche...
INFO:root:Nie zaznaczono krzyzyka w A1
INFO:root:Pospie troche...
INFO:root:Nie zaznaczono krzyzyka w A1
INFO:root:Pospie troche...
INFO:root:Nie zaznaczono krzyzyka w A1
INFO:root:Pospie troche...
INFO:root:Nie zaznaczono krzyzyka w A1
INFO:root:Pospie troche...
INFO:root:Nie zaznaczono krzyzyka w A1
INFO:root:Pospie troche...
INFO:googleapiclient.discovery:URL being requested: GET https://www.googleapis.com/drive/v3/files/1GkJn3AyHLRftVHzHuViml6gMbjbS9EQ20kVSXTvXxhQ/export?mimeType=application%2Fvnd.openxmlformats-officedocument.spreadsheetml.sheet&alt=media
INFO:root:Wysylanie pliku...
INFO:googleapiclient.discovery:URL being requested: PATCH https://www.googleapis.com/upload/drive/v3/files/1IOO3bJcAG7u7hoZYxnjMeW_yca8L8JNokkIYjiU-1Kc?fields=id&alt=json&uploadType=multipart
INFO:root:Sciagam sheet IDs...
INFO:root:{'Nitro Tier': 759273992, 'Platinum Tier': 167900710, 'Gold Tier': 216560716, 'Sapphire Tier': 1715848468}
INFO:root:Resetuje arkusz do inputu...
INFO:googleapiclient.discovery:URL being requested: POST https://sheets.googleapis.com/v4/spreadsheets/1GkJn3AyHLRftVHzHuViml6gMbjbS9EQ20kVSXTvXxhQ/values/B1%3AZ50:clear?alt=json
INFO:root:{'spreadsheetId': '1GkJn3AyHLRftVHzHuViml6gMbjbS9EQ20kVSXTvXxhQ', 'clearedRange': 'Input!B1:Z50'}
INFO:googleapiclient.discovery:URL being requested: POST https://sheets.googleapis.com/v4/spreadsheets/1GkJn3AyHLRftVHzHuViml6gMbjbS9EQ20kVSXTvXxhQ/values/A1:clear?alt=json
INFO:root:{'spreadsheetId': '1GkJn3AyHLRftVHzHuViml6gMbjbS9EQ20kVSXTvXxhQ', 'clearedRange': 'Input!A1'}
INFO:root:Resetuje uprawnienia arkuszu do inputu...
INFO:googleapiclient.discovery:URL being requested: POST https://sheets.googleapis.com/v4/spreadsheets/1GkJn3AyHLRftVHzHuViml6gMbjbS9EQ20kVSXTvXxhQ:batchUpdate?alt=json
INFO:root:{'spreadsheetId': '1GkJn3AyHLRftVHzHuViml6gMbjbS9EQ20kVSXTvXxhQ', 'replies': [{'addProtectedRange': {'protectedRange': {'protectedRangeId': 1134287273, 'range': {'sheetId': 118857125, 'startRowIndex': 1, 'startColumnIndex': 0, 'endColumnIndex': 1}, 'description': 'Protecting track names', 'requestingUserCanEdit': True, 'editors': {'users': ['myjniak@gmail.com']}}}}]}
INFO:root:ROBOTA SKONCZONA
INFO:root:Pospie troche...
INFO:root:Nie zaznaczono krzyzyka w A1
INFO:root:Pospie troche...
INFO:root:Nie zaznaczono krzyzyka w A1
INFO:root:Pospie troche...
INFO:root:Nie zaznaczono krzyzyka w A1
INFO:root:Pospie troche...
INFO:root:Nie zaznaczono krzyzyka w A1
INFO:root:Pospie troche...
INFO:root:Nie zaznaczono krzyzyka w A1
INFO:root:Pospie troche...
INFO:root:Nie zaznaczono krzyzyka w A1
INFO:root:Pospie troche...
INFO:root:Nie zaznaczono krzyzyka w A1
INFO:root:Pospie troche...
INFO:root:Nie zaznaczono krzyzyka w A1
INFO:root:Pospie troche...
INFO:root:Nie zaznaczono krzyzyka w A1
INFO:root:Pospie troche...
INFO:root:Nie zaznaczono krzyzyka w A1
INFO:root:Pospie troche...
INFO:root:Nie zaznaczono krzyzyka w A1
INFO:root:Pospie troche...
INFO:root:Nie zaznaczono krzyzyka w A1
INFO:root:Pospie troche...
INFO:root:Nie zaznaczono krzyzyka w A1
INFO:root:Pospie troche...
INFO:root:Nie zaznaczono krzyzyka w A1
INFO:root:Pospie troche...
INFO:root:Nie zaznaczono krzyzyka w A1
INFO:root:Pospie troche...
INFO:root:Nie zaznaczono krzyzyka w A1
INFO:root:Pospie troche...
INFO:root:Nie zaznaczono krzyzyka w A1
INFO:root:Pospie troche...
INFO:root:Nie zaznaczono krzyzyka w A1
INFO:root:Pospie troche...
INFO:root:Nie zaznaczono krzyzyka w A1
INFO:root:Pospie troche...
INFO:root:Nie zaznaczono krzyzyka w A1
INFO:root:Pospie troche...
INFO:root:Nie zaznaczono krzyzyka w A1
INFO:root:Pospie troche...
INFO:root:Nie zaznaczono krzyzyka w A1
INFO:root:Pospie troche...
INFO:root:Nie zaznaczono krzyzyka w A1
INFO:root:Pospie troche...
INFO:root:Nie zaznaczono krzyzyka w A1
INFO:root:Pospie troche...
INFO:root:Nie zaznaczono krzyzyka w A1
INFO:root:Pospie troche...
INFO:root:Nie zaznaczono krzyzyka w A1
INFO:root:Pospie troche...
INFO:root:Nie zaznaczono krzyzyka w A1
INFO:root:Pospie troche...
INFO:root:Nie zaznaczono krzyzyka w A1
INFO:root:Pospie troche...
INFO:root:Nie zaznaczono krzyzyka w A1
INFO:root:Pospie troche...
INFO:root:Nie zaznaczono krzyzyka w A1
INFO:root:Pospie troche...
INFO:root:Nie zaznaczono krzyzyka w A1
INFO:root:Pospie troche...
INFO:root:Nie zaznaczono krzyzyka w A1
INFO:root:Pospie troche...
INFO:root:Nie zaznaczono krzyzyka w A1
INFO:root:Pospie troche...
INFO:root:Nie zaznaczono krzyzyka w A1
INFO:root:Pospie troche...
INFO:root:Nie zaznaczono krzyzyka w A1
INFO:root:Pospie troche...
INFO:root:Nie zaznaczono krzyzyka w A1
INFO:root:Pospie troche...
INFO:root:Nie zaznaczono krzyzyka w A1
INFO:root:Pospie troche...
INFO:root:Nie zaznaczono krzyzyka w A1
INFO:root:Pospie troche...
INFO:root:Nie zaznaczono krzyzyka w A1
INFO:root:Pospie troche...
INFO:root:Nie zaznaczono krzyzyka w A1
INFO:root:Pospie troche...
INFO:root:Nie zaznaczono krzyzyka w A1
INFO:root:Pospie troche...
INFO:root:Nie zaznaczono krzyzyka w A1
INFO:root:Pospie troche...
INFO:root:Nie zaznaczono krzyzyka w A1
INFO:root:Pospie troche...
INFO:root:Nie zaznaczono krzyzyka w A1
INFO:root:Pospie troche...
INFO:root:Nie zaznaczono krzyzyka w A1
INFO:root:Pospie troche...
INFO:root:Nie zaznaczono krzyzyka w A1
INFO:root:Pospie troche...
INFO:root:Nie zaznaczono krzyzyka w A1
INFO:root:Pospie troche...
INFO:root:Nie zaznaczono krzyzyka w A1
INFO:root:Pospie troche...
INFO:root:Nie zaznaczono krzyzyka w A1
INFO:root:Pospie troche...
INFO:root:Nie zaznaczono krzyzyka w A1
INFO:root:Pospie troche...
INFO:root:Nie zaznaczono krzyzyka w A1
INFO:root:Pospie troche...
INFO:root:Nie zaznaczono krzyzyka w A1
INFO:root:Pospie troche...
INFO:root:Nie zaznaczono krzyzyka w A1
INFO:root:Pospie troche...
INFO:root:Nie zaznaczono krzyzyka w A1
INFO:root:Pospie troche...
INFO:root:Nie zaznaczono krzyzyka w A1
INFO:root:Pospie troche...
INFO:root:Nie zaznaczono krzyzyka w A1
INFO:root:Pospie troche...
INFO:root:Nie zaznaczono krzyzyka w A1
INFO:root:Pospie troche...
INFO:root:Nie zaznaczono krzyzyka w A1
INFO:root:Pospie troche...
INFO:root:Nie zaznaczono krzyzyka w A1
INFO:root:Pospie troche...
INFO:root:Nie zaznaczono krzyzyka w A1
INFO:root:Pospie troche...
INFO:root:Nie zaznaczono krzyzyka w A1
INFO:root:Pospie troche...
INFO:root:Nie zaznaczono krzyzyka w A1
INFO:root:Pospie troche...
INFO:root:Nie zaznaczono krzyzyka w A1
INFO:root:Pospie troche...
INFO:root:Nie zaznaczono krzyzyka w A1
INFO:root:Pospie troche...
INFO:root:Nie zaznaczono krzyzyka w A1
INFO:root:Pospie troche...
INFO:root:Nie zaznaczono krzyzyka w A1
INFO:root:Pospie troche...
INFO:root:Nie zaznaczono krzyzyka w A1
INFO:root:Pospie troche...
INFO:root:Nie zaznaczono krzyzyka w A1
INFO:root:Pospie troche...
INFO:root:Nie zaznaczono krzyzyka w A1
INFO:root:Pospie troche...
INFO:root:Nie zaznaczono krzyzyka w A1
INFO:root:Pospie troche...
INFO:root:Nie zaznaczono krzyzyka w A1
INFO:root:Pospie troche...
INFO:root:Nie zaznaczono krzyzyka w A1
INFO:root:Pospie troche...
INFO:root:Nie zaznaczono krzyzyka w A1
INFO:root:Pospie troche...
INFO:root:Nie zaznaczono krzyzyka w A1
INFO:root:Pospie troche...
INFO:root:Nie zaznaczono krzyzyka w A1
INFO:root:Pospie troche...
INFO:root:Nie zaznaczono krzyzyka w A1
INFO:root:Pospie troche...
INFO:root:Nie zaznaczono krzyzyka w A1
INFO:root:Pospie troche...
INFO:root:Nie zaznaczono krzyzyka w A1
INFO:root:Pospie troche...
INFO:root:Nie zaznaczono krzyzyka w A1
INFO:root:Pospie troche...
INFO:root:Nie zaznaczono krzyzyka w A1
INFO:root:Pospie troche...
INFO:root:Nie zaznaczono krzyzyka w A1
INFO:root:Pospie troche...
INFO:root:Nie zaznaczono krzyzyka w A1
INFO:root:Pospie troche...
INFO:root:Nie zaznaczono krzyzyka w A1
INFO:root:Pospie troche...
INFO:root:Nie zaznaczono krzyzyka w A1
INFO:root:Pospie troche...
INFO:root:Nie zaznaczono krzyzyka w A1
INFO:root:Pospie troche...
INFO:root:Nie zaznaczono krzyzyka w A1
INFO:root:Pospie troche...
INFO:root:Nie zaznaczono krzyzyka w A1
INFO:root:Pospie troche...
INFO:root:Nie zaznaczono krzyzyka w A1
INFO:root:Pospie troche...
INFO:root:Nie zaznaczono krzyzyka w A1
INFO:root:Pospie troche...
INFO:root:Nie zaznaczono krzyzyka w A1
INFO:root:Pospie troche...
INFO:root:Nie zaznaczono krzyzyka w A1
INFO:root:Pospie troche...
INFO:root:Nie zaznaczono krzyzyka w A1
INFO:root:Pospie troche...
INFO:root:Nie zaznaczono krzyzyka w A1
INFO:root:Pospie troche...
INFO:root:Nie zaznaczono krzyzyka w A1
INFO:root:Pospie troche...
INFO:root:Nie zaznaczono krzyzyka w A1
INFO:root:Pospie troche...
INFO:root:Nie zaznaczono krzyzyka w A1
INFO:root:Pospie troche...
INFO:root:Nie zaznaczono krzyzyka w A1
INFO:root:Pospie troche...
INFO:root:Nie zaznaczono krzyzyka w A1
INFO:root:Pospie troche...
INFO:root:Nie zaznaczono krzyzyka w A1
INFO:root:Pospie troche...
INFO:root:Nie zaznaczono krzyzyka w A1
INFO:root:Pospie troche...
INFO:root:Nie zaznaczono krzyzyka w A1
INFO:root:Pospie troche...
INFO:root:Nie zaznaczono krzyzyka w A1
INFO:root:Pospie troche...
INFO:root:Nie zaznaczono krzyzyka w A1
INFO:root:Pospie troche...
INFO:root:Nie zaznaczono krzyzyka w A1
INFO:root:Pospie troche...
INFO:root:Nie zaznaczono krzyzyka w A1
INFO:root:Pospie troche...
INFO:root:Nie zaznaczono krzyzyka w A1
INFO:root:Pospie troche...
INFO:root:Nie zaznaczono krzyzyka w A1
INFO:root:Pospie troche...
INFO:root:Nie zaznaczono krzyzyka w A1
INFO:root:Pospie troche...
INFO:root:Nie zaznaczono krzyzyka w A1
INFO:root:Pospie troche...
INFO:root:Nie zaznaczono krzyzyka w A1
INFO:root:Pospie troche...
INFO:root:Nie zaznaczono krzyzyka w A1
INFO:root:Pospie troche...
INFO:root:Nie zaznaczono krzyzyka w A1
INFO:root:Pospie troche...
INFO:root:Nie zaznaczono krzyzyka w A1
INFO:root:Pospie troche...
INFO:root:Nie zaznaczono krzyzyka w A1
INFO:root:Pospie troche...
INFO:root:Nie zaznaczono krzyzyka w A1
INFO:root:Pospie troche...
INFO:root:Nie zaznaczono krzyzyka w A1
INFO:root:Pospie troche...
INFO:root:Nie zaznaczono krzyzyka w A1
INFO:root:Pospie troche...
INFO:root:Nie zaznaczono krzyzyka w A1
INFO:root:Pospie troche...
INFO:root:Nie zaznaczono krzyzyka w A1
INFO:root:Pospie troche...
INFO:root:Nie zaznaczono krzyzyka w A1
INFO:root:Pospie troche...
INFO:root:Nie zaznaczono krzyzyka w A1
INFO:root:Pospie troche...
INFO:root:Nie zaznaczono krzyzyka w A1
INFO:root:Pospie troche...
INFO:root:Nie zaznaczono krzyzyka w A1
INFO:root:Pospie troche...
INFO:root:Nie zaznaczono krzyzyka w A1
INFO:root:Pospie troche...
INFO:root:Nie zaznaczono krzyzyka w A1
INFO:root:Pospie troche...
INFO:root:Nie zaznaczono krzyzyka w A1
INFO:root:Pospie troche...
INFO:root:Nie zaznaczono krzyzyka w A1
INFO:root:Pospie troche...
INFO:root:Nie zaznaczono krzyzyka w A1
INFO:root:Pospie troche...
INFO:root:Nie zaznaczono krzyzyka w A1
INFO:root:Pospie troche...
INFO:root:Nie zaznaczono krzyzyka w A1
INFO:root:Pospie troche...
INFO:root:Nie zaznaczono krzyzyka w A1
INFO:root:Pospie troche...
INFO:root:Nie zaznaczono krzyzyka w A1
INFO:root:Pospie troche...
INFO:root:Nie zaznaczono krzyzyka w A1
INFO:root:Pospie troche...
INFO:root:Nie zaznaczono krzyzyka w A1
INFO:root:Pospie troche...
INFO:root:Nie zaznaczono krzyzyka w A1
INFO:root:Pospie troche...
INFO:root:Nie zaznaczono krzyzyka w A1
INFO:root:Pospie troche...
INFO:root:Nie zaznaczono krzyzyka w A1
INFO:root:Pospie troche...
INFO:root:Nie zaznaczono krzyzyka w A1
INFO:root:Pospie troche...
INFO:root:Nie zaznaczono krzyzyka w A1
INFO:root:Pospie troche...
INFO:root:Nie zaznaczono krzyzyka w A1
INFO:root:Pospie troche...
INFO:root:Nie zaznaczono krzyzyka w A1
INFO:root:Pospie troche...
INFO:root:Nie zaznaczono krzyzyka w A1
INFO:root:Pospie troche...
INFO:root:Nie zaznaczono krzyzyka w A1
INFO:root:Pospie troche...
INFO:root:Nie zaznaczono krzyzyka w A1
INFO:root:Pospie troche...
INFO:root:Nie zaznaczono krzyzyka w A1
INFO:root:Pospie troche...
INFO:root:Nie zaznaczono krzyzyka w A1
INFO:root:Pospie troche...
INFO:root:Nie zaznaczono krzyzyka w A1
INFO:root:Pospie troche...
INFO:root:Nie zaznaczono krzyzyka w A1
INFO:root:Pospie troche...
INFO:root:Nie zaznaczono krzyzyka w A1
INFO:root:Pospie troche...
INFO:root:Nie zaznaczono krzyzyka w A1
INFO:root:Pospie troche...
INFO:root:Nie zaznaczono krzyzyka w A1
INFO:root:Pospie troche...
INFO:root:Nie zaznaczono krzyzyka w A1
INFO:root:Pospie troche...
INFO:root:Nie zaznaczono krzyzyka w A1
INFO:root:Pospie troche...
INFO:root:Nie zaznaczono krzyzyka w A1
INFO:root:Pospie troche...
INFO:root:Nie zaznaczono krzyzyka w A1
INFO:root:Pospie troche...
INFO:root:Nie zaznaczono krzyzyka w A1
INFO:root:Pospie troche...
INFO:root:Nie zaznaczono krzyzyka w A1
INFO:root:Pospie troche...
INFO:root:Nie zaznaczono krzyzyka w A1
INFO:root:Pospie troche...
INFO:root:Nie zaznaczono krzyzyka w A1
INFO:root:Pospie troche...
INFO:root:Nie zaznaczono krzyzyka w A1
INFO:root:Pospie troche...
INFO:root:Nie zaznaczono krzyzyka w A1
INFO:root:Pospie troche...
INFO:root:Nie zaznaczono krzyzyka w A1
INFO:root:Pospie troche...
INFO:root:Nie zaznaczono krzyzyka w A1
INFO:root:Pospie troche...
INFO:root:Nie zaznaczono krzyzyka w A1
INFO:root:Pospie troche...
INFO:root:Nie zaznaczono krzyzyka w A1
INFO:root:Pospie troche...
INFO:root:Nie zaznaczono krzyzyka w A1
INFO:root:Pospie troche...
INFO:root:Nie zaznaczono krzyzyka w A1
INFO:root:Pospie troche...
INFO:root:Nie zaznaczono krzyzyka w A1
INFO:root:Pospie troche...
INFO:root:Nie zaznaczono krzyzyka w A1
INFO:root:Pospie troche...
INFO:root:Nie zaznaczono krzyzyka w A1
INFO:root:Pospie troche...
INFO:root:Nie zaznaczono krzyzyka w A1
INFO:root:Pospie troche...
INFO:root:Nie zaznaczono krzyzyka w A1
INFO:root:Pospie troche...
INFO:root:Nie zaznaczono krzyzyka w A1
INFO:root:Pospie troche...
INFO:root:Nie zaznaczono krzyzyka w A1
INFO:root:Pospie troche...
INFO:root:Nie zaznaczono krzyzyka w A1
INFO:root:Pospie troche...
INFO:root:Nie zaznaczono krzyzyka w A1
INFO:root:Pospie troche...
INFO:root:Nie zaznaczono krzyzyka w A1
INFO:root:Pospie troche...
INFO:root:Nie zaznaczono krzyzyka w A1
INFO:root:Pospie troche...
INFO:root:Nie zaznaczono krzyzyka w A1
INFO:root:Pospie troche...
INFO:root:Nie zaznaczono krzyzyka w A1
INFO:root:Pospie troche...
INFO:root:Nie zaznaczono krzyzyka w A1
INFO:root:Pospie troche...
INFO:root:Nie zaznaczono krzyzyka w A1
INFO:root:Pospie troche...
INFO:root:Nie zaznaczono krzyzyka w A1
INFO:root:Pospie troche...
INFO:root:Nie zaznaczono krzyzyka w A1
INFO:root:Pospie troche...
INFO:root:Nie zaznaczono krzyzyka w A1
INFO:root:Pospie troche...
INFO:root:Nie zaznaczono krzyzyka w A1
INFO:root:Pospie troche...
INFO:root:Nie zaznaczono krzyzyka w A1
INFO:root:Pospie troche...
INFO:root:Nie zaznaczono krzyzyka w A1
INFO:root:Pospie troche...
INFO:root:Nie zaznaczono krzyzyka w A1
INFO:root:Pospie troche...
INFO:root:Nie zaznaczono krzyzyka w A1
INFO:root:Pospie troche...
INFO:root:Nie zaznaczono krzyzyka w A1
INFO:root:Pospie troche...
INFO:root:Nie zaznaczono krzyzyka w A1
INFO:root:Pospie troche...
INFO:root:Nie zaznaczono krzyzyka w A1
INFO:root:Pospie troche...
INFO:root:Nie zaznaczono krzyzyka w A1
INFO:root:Pospie troche...
INFO:root:Nie zaznaczono krzyzyka w A1
INFO:root:Pospie troche...
INFO:root:Nie zaznaczono krzyzyka w A1
INFO:root:Pospie troche...
INFO:root:Nie zaznaczono krzyzyka w A1
INFO:root:Pospie troche...
INFO:root:Nie zaznaczono krzyzyka w A1
INFO:root:Pospie troche...
INFO:root:Nie zaznaczono krzyzyka w A1
INFO:root:Pospie troche...
INFO:root:Nie zaznaczono krzyzyka w A1
INFO:root:Pospie troche...
INFO:root:Nie zaznaczono krzyzyka w A1
INFO:root:Pospie troche...
INFO:root:Nie zaznaczono krzyzyka w A1
INFO:root:Pospie troche...
INFO:root:Nie zaznaczono krzyzyka w A1
INFO:root:Pospie troche...
INFO:root:Nie zaznaczono krzyzyka w A1
INFO:root:Pospie troche...
INFO:root:Nie zaznaczono krzyzyka w A1
INFO:root:Pospie troche...
INFO:root:Nie zaznaczono krzyzyka w A1
INFO:root:Pospie troche...
INFO:root:Nie zaznaczono krzyzyka w A1
INFO:root:Pospie troche...
INFO:root:Nie zaznaczono krzyzyka w A1
INFO:root:Pospie troche...
INFO:root:Nie zaznaczono krzyzyka w A1
INFO:root:Pospie troche...
INFO:root:Nie zaznaczono krzyzyka w A1
INFO:root:Pospie troche...
INFO:root:Nie zaznaczono krzyzyka w A1
INFO:root:Pospie troche...
INFO:root:Nie zaznaczono krzyzyka w A1
INFO:root:Pospie troche...
INFO:root:Nie zaznaczono krzyzyka w A1
INFO:root:Pospie troche...
INFO:root:Nie zaznaczono krzyzyka w A1
INFO:root:Pospie troche...
INFO:root:Nie zaznaczono krzyzyka w A1
INFO:root:Pospie troche...
INFO:root:Nie zaznaczono krzyzyka w A1
INFO:root:Pospie troche...
INFO:root:Nie zaznaczono krzyzyka w A1
INFO:root:Pospie troche...
INFO:root:Nie zaznaczono krzyzyka w A1
INFO:root:Pospie troche...
INFO:root:Nie zaznaczono krzyzyka w A1
INFO:root:Pospie troche...
INFO:root:Nie zaznaczono krzyzyka w A1
INFO:root:Pospie troche...
INFO:root:Nie zaznaczono krzyzyka w A1
INFO:root:Pospie troche...
INFO:root:Nie zaznaczono krzyzyka w A1
INFO:root:Pospie troche...
INFO:root:Nie zaznaczono krzyzyka w A1
INFO:root:Pospie troche...
INFO:root:Nie zaznaczono krzyzyka w A1
INFO:root:Pospie troche...
INFO:root:Nie zaznaczono krzyzyka w A1
INFO:root:Pospie troche...
INFO:root:Nie zaznaczono krzyzyka w A1
INFO:root:Pospie troche...
INFO:root:Nie zaznaczono krzyzyka w A1
INFO:root:Pospie troche...
INFO:root:Nie zaznaczono krzyzyka w A1
INFO:root:Pospie troche...
INFO:root:Nie zaznaczono krzyzyka w A1
INFO:root:Pospie troche...
INFO:root:Nie zaznaczono krzyzyka w A1
INFO:root:Pospie troche...
INFO:root:Nie zaznaczono krzyzyka w A1
INFO:root:Pospie troche...
INFO:root:Nie zaznaczono krzyzyka w A1
INFO:root:Pospie troche...
INFO:root:Nie zaznaczono krzyzyka w A1
INFO:root:Pospie troche...
INFO:root:Nie zaznaczono krzyzyka w A1
INFO:root:Pospie troche...
INFO:root:Nie zaznaczono krzyzyka w A1
INFO:root:Pospie troche...
INFO:root:Nie zaznaczono krzyzyka w A1
INFO:root:Pospie troche...
INFO:root:Nie zaznaczono krzyzyka w A1
INFO:root:Pospie troche...
INFO:root:Nie zaznaczono krzyzyka w A1
INFO:root:Pospie troche...
INFO:root:Nie zaznaczono krzyzyka w A1
INFO:root:Pospie troche...
INFO:root:Nie zaznaczono krzyzyka w A1
INFO:root:Pospie troche...
INFO:root:Nie zaznaczono krzyzyka w A1
INFO:root:Pospie troche...
INFO:root:Nie zaznaczono krzyzyka w A1
INFO:root:Pospie troche...
INFO:root:Nie zaznaczono krzyzyka w A1
INFO:root:Pospie troche...
INFO:root:Nie zaznaczono krzyzyka w A1
INFO:root:Pospie troche...
INFO:root:Nie zaznaczono krzyzyka w A1
INFO:root:Pospie troche...
INFO:root:Nie zaznaczono krzyzyka w A1
INFO:root:Pospie troche...
INFO:root:Nie zaznaczono krzyzyka w A1
INFO:root:Pospie troche...
INFO:root:Nie zaznaczono krzyzyka w A1
INFO:root:Pospie troche...
INFO:root:Nie zaznaczono krzyzyka w A1
INFO:root:Pospie troche...
INFO:root:Nie zaznaczono krzyzyka w A1
INFO:root:Pospie troche...
INFO:root:Nie zaznaczono krzyzyka w A1
INFO:root:Pospie troche...
INFO:root:Nie zaznaczono krzyzyka w A1
INFO:root:Pospie troche...
INFO:root:Nie zaznaczono krzyzyka w A1
INFO:root:Pospie troche...
INFO:root:Nie zaznaczono krzyzyka w A1
INFO:root:Pospie troche...
INFO:root:Nie zaznaczono krzyzyka w A1
INFO:root:Pospie troche...
INFO:root:Nie zaznaczono krzyzyka w A1
INFO:root:Pospie troche...
INFO:root:Nie zaznaczono krzyzyka w A1
INFO:root:Pospie troche...
INFO:root:Nie zaznaczono krzyzyka w A1
INFO:root:Pospie troche...
INFO:root:Nie zaznaczono krzyzyka w A1
INFO:root:Pospie troche...
INFO:root:Nie zaznaczono krzyzyka w A1
INFO:root:Pospie troche...
INFO:root:Nie zaznaczono krzyzyka w A1
INFO:root:Pospie troche...
INFO:root:Nie zaznaczono krzyzyka w A1
INFO:root:Pospie troche...
INFO:root:Nie zaznaczono krzyzyka w A1
INFO:root:Pospie troche...
INFO:root:Nie zaznaczono krzyzyka w A1
INFO:root:Pospie troche...
INFO:root:Nie zaznaczono krzyzyka w A1
INFO:root:Pospie troche...
INFO:root:Nie zaznaczono krzyzyka w A1
INFO:root:Pospie troche...
INFO:root:Nie zaznaczono krzyzyka w A1
INFO:root:Pospie troche...
INFO:root:Nie zaznaczono krzyzyka w A1
INFO:root:Pospie troche...
INFO:root:Nie zaznaczono krzyzyka w A1
INFO:root:Pospie troche...
INFO:root:Nie zaznaczono krzyzyka w A1
INFO:root:Pospie troche...
INFO:root:Nie zaznaczono krzyzyka w A1
INFO:root:Pospie troche...
INFO:root:Nie zaznaczono krzyzyka w A1
INFO:root:Pospie troche...
INFO:root:Nie zaznaczono krzyzyka w A1
INFO:root:Pospie troche...
INFO:root:Nie zaznaczono krzyzyka w A1
INFO:root:Pospie troche...
INFO:root:Nie zaznaczono krzyzyka w A1
INFO:root:Pospie troche...
INFO:root:Nie zaznaczono krzyzyka w A1
INFO:root:Pospie troche...
INFO:root:Nie zaznaczono krzyzyka w A1
INFO:root:Pospie troche...
INFO:root:Nie zaznaczono krzyzyka w A1
INFO:root:Pospie troche...
INFO:root:Nie zaznaczono krzyzyka w A1
INFO:root:Pospie troche...
INFO:root:Nie zaznaczono krzyzyka w A1
INFO:root:Pospie troche...
INFO:root:Nie zaznaczono krzyzyka w A1
INFO:root:Pospie troche...
INFO:root:Nie zaznaczono krzyzyka w A1
INFO:root:Pospie troche...
INFO:root:Nie zaznaczono krzyzyka w A1
INFO:root:Pospie troche...
INFO:root:Nie zaznaczono krzyzyka w A1
INFO:root:Pospie troche...
INFO:root:Nie zaznaczono krzyzyka w A1
INFO:root:Pospie troche...
INFO:root:Nie zaznaczono krzyzyka w A1
INFO:root:Pospie troche...
INFO:root:Nie zaznaczono krzyzyka w A1
INFO:root:Pospie troche...
INFO:root:Nie zaznaczono krzyzyka w A1
INFO:root:Pospie troche...
INFO:root:Nie zaznaczono krzyzyka w A1
INFO:root:Pospie troche...
INFO:root:Nie zaznaczono krzyzyka w A1
INFO:root:Pospie troche...
INFO:root:Nie zaznaczono krzyzyka w A1
INFO:root:Pospie troche...
INFO:root:Nie zaznaczono krzyzyka w A1
INFO:root:Pospie troche...
INFO:root:Nie zaznaczono krzyzyka w A1
INFO:root:Pospie troche...
INFO:root:Nie zaznaczono krzyzyka w A1
INFO:root:Pospie troche...
INFO:root:Nie zaznaczono krzyzyka w A1
INFO:root:Pospie troche...
INFO:root:Nie zaznaczono krzyzyka w A1
INFO:root:Pospie troche...
INFO:root:Nie zaznaczono krzyzyka w A1
INFO:root:Pospie troche...
INFO:root:Nie zaznaczono krzyzyka w A1
INFO:root:Pospie troche...
INFO:root:Nie zaznaczono krzyzyka w A1
INFO:root:Pospie troche...
INFO:root:Nie zaznaczono krzyzyka w A1
INFO:root:Pospie troche...
INFO:root:Nie zaznaczono krzyzyka w A1
INFO:root:Pospie troche...
INFO:root:Nie zaznaczono krzyzyka w A1
INFO:root:Pospie troche...
INFO:root:Nie zaznaczono krzyzyka w A1
INFO:root:Pospie troche...
INFO:root:Nie zaznaczono krzyzyka w A1
INFO:root:Pospie troche...
INFO:root:Nie zaznaczono krzyzyka w A1
INFO:root:Pospie troche...
INFO:root:Nie zaznaczono krzyzyka w A1
INFO:root:Pospie troche...
INFO:root:Nie zaznaczono krzyzyka w A1
INFO:root:Pospie troche...
INFO:root:Nie zaznaczono krzyzyka w A1
INFO:root:Pospie troche...
INFO:root:Nie zaznaczono krzyzyka w A1
INFO:root:Pospie troche...
INFO:root:Nie zaznaczono krzyzyka w A1
INFO:root:Pospie troche...
INFO:root:Nie zaznaczono krzyzyka w A1
INFO:root:Pospie troche...
INFO:root:Nie zaznaczono krzyzyka w A1
INFO:root:Pospie troche...
INFO:root:Nie zaznaczono krzyzyka w A1
INFO:root:Pospie troche...
INFO:root:Nie zaznaczono krzyzyka w A1
INFO:root:Pospie troche...
INFO:root:Nie zaznaczono krzyzyka w A1
INFO:root:Pospie troche...
INFO:root:Nie zaznaczono krzyzyka w A1
INFO:root:Pospie troche...
INFO:root:Nie zaznaczono krzyzyka w A1
INFO:root:Pospie troche...
INFO:root:Nie zaznaczono krzyzyka w A1
INFO:root:Pospie troche...
INFO:root:Nie zaznaczono krzyzyka w A1
INFO:root:Pospie troche...
INFO:root:Nie zaznaczono krzyzyka w A1
INFO:root:Pospie troche...
INFO:root:Nie zaznaczono krzyzyka w A1
INFO:root:Pospie troche...
INFO:root:Nie zaznaczono krzyzyka w A1
INFO:root:Pospie troche...
INFO:root:Nie zaznaczono krzyzyka w A1
INFO:root:Pospie troche...
INFO:root:Nie zaznaczono krzyzyka w A1
INFO:root:Pospie troche...
INFO:root:Nie zaznaczono krzyzyka w A1
INFO:root:Pospie troche...
INFO:root:Nie zaznaczono krzyzyka w A1
INFO:root:Pospie troche...
INFO:root:Nie zaznaczono krzyzyka w A1
INFO:root:Pospie troche...
INFO:root:Nie zaznaczono krzyzyka w A1
INFO:root:Pospie troche...
INFO:root:Nie zaznaczono krzyzyka w A1
INFO:root:Pospie troche...
INFO:root:Nie zaznaczono krzyzyka w A1
INFO:root:Pospie troche...
INFO:root:Nie zaznaczono krzyzyka w A1
INFO:root:Pospie troche...
INFO:root:Nie zaznaczono krzyzyka w A1
INFO:root:Pospie troche...
INFO:root:Nie zaznaczono krzyzyka w A1
INFO:root:Pospie troche...
INFO:root:Nie zaznaczono krzyzyka w A1
INFO:root:Pospie troche...
INFO:root:Nie zaznaczono krzyzyka w A1
INFO:root:Pospie troche...
INFO:root:Nie zaznaczono krzyzyka w A1
INFO:root:Pospie troche...
INFO:root:Nie zaznaczono krzyzyka w A1
INFO:root:Pospie troche...
INFO:root:Nie zaznaczono krzyzyka w A1
INFO:root:Pospie troche...
INFO:root:Nie zaznaczono krzyzyka w A1
INFO:root:Pospie troche...
INFO:root:Nie zaznaczono krzyzyka w A1
INFO:root:Pospie troche...
INFO:root:Nie zaznaczono krzyzyka w A1
INFO:root:Pospie troche...
INFO:root:Nie zaznaczono krzyzyka w A1
INFO:root:Pospie troche...
INFO:root:Nie zaznaczono krzyzyka w A1
INFO:root:Pospie troche...
INFO:root:Nie zaznaczono krzyzyka w A1
INFO:root:Pospie troche...
INFO:root:Nie zaznaczono krzyzyka w A1
INFO:root:Pospie troche...
INFO:root:Nie zaznaczono krzyzyka w A1
INFO:root:Pospie troche...
INFO:root:Nie zaznaczono krzyzyka w A1
INFO:root:Pospie troche...
INFO:root:Nie zaznaczono krzyzyka w A1
INFO:root:Pospie troche...
INFO:root:Nie zaznaczono krzyzyka w A1
INFO:root:Pospie troche...
INFO:root:Nie zaznaczono krzyzyka w A1
INFO:root:Pospie troche...
INFO:root:Nie zaznaczono krzyzyka w A1
INFO:root:Pospie troche...
INFO:root:Nie zaznaczono krzyzyka w A1
INFO:root:Pospie troche...
INFO:root:Nie zaznaczono krzyzyka w A1
INFO:root:Pospie troche...
INFO:root:Nie zaznaczono krzyzyka w A1
INFO:root:Pospie troche...
INFO:root:Nie zaznaczono krzyzyka w A1
INFO:root:Pospie troche...
INFO:root:Nie zaznaczono krzyzyka w A1
INFO:root:Pospie troche...
INFO:root:Nie zaznaczono krzyzyka w A1
INFO:root:Pospie troche...
INFO:root:Nie zaznaczono krzyzyka w A1
INFO:root:Pospie troche...
INFO:root:Nie zaznaczono krzyzyka w A1
INFO:root:Pospie troche...
INFO:root:Nie zaznaczono krzyzyka w A1
INFO:root:Pospie troche...
INFO:root:Nie zaznaczono krzyzyka w A1
INFO:root:Pospie troche...
INFO:root:Nie zaznaczono krzyzyka w A1
INFO:root:Pospie troche...
INFO:root:Nie zaznaczono krzyzyka w A1
INFO:root:Pospie troche...
INFO:root:Nie zaznaczono krzyzyka w A1
INFO:root:Pospie troche...
INFO:root:Nie zaznaczono krzyzyka w A1
INFO:root:Pospie troche...
INFO:root:Nie zaznaczono krzyzyka w A1
INFO:root:Pospie troche...
INFO:root:Nie zaznaczono krzyzyka w A1
INFO:root:Pospie troche...
INFO:root:Nie zaznaczono krzyzyka w A1
INFO:root:Pospie troche...
INFO:root:Nie zaznaczono krzyzyka w A1
INFO:root:Pospie troche...
INFO:root:Nie zaznaczono krzyzyka w A1
INFO:root:Pospie troche...
INFO:root:Nie zaznaczono krzyzyka w A1
INFO:root:Pospie troche...
INFO:root:Nie zaznaczono krzyzyka w A1
INFO:root:Pospie troche...
INFO:root:Nie zaznaczono krzyzyka w A1
INFO:root:Pospie troche...
INFO:root:Nie zaznaczono krzyzyka w A1
INFO:root:Pospie troche...
INFO:root:Nie zaznaczono krzyzyka w A1
INFO:root:Pospie troche...
INFO:root:Nie zaznaczono krzyzyka w A1
INFO:root:Pospie troche...
INFO:root:Nie zaznaczono krzyzyka w A1
INFO:root:Pospie troche...
INFO:root:Nie zaznaczono krzyzyka w A1
INFO:root:Pospie troche...
INFO:root:Nie zaznaczono krzyzyka w A1
INFO:root:Pospie troche...
INFO:root:Nie zaznaczono krzyzyka w A1
INFO:root:Pospie troche...
INFO:root:Nie zaznaczono krzyzyka w A1
INFO:root:Pospie troche...
INFO:root:Nie zaznaczono krzyzyka w A1
INFO:root:Pospie troche...
INFO:root:Nie zaznaczono krzyzyka w A1
INFO:root:Pospie troche...
INFO:root:Nie zaznaczono krzyzyka w A1
INFO:root:Pospie troche...
INFO:root:Nie zaznaczono krzyzyka w A1
INFO:root:Pospie troche...
INFO:root:Nie zaznaczono krzyzyka w A1
INFO:root:Pospie troche...
INFO:root:Nie zaznaczono krzyzyka w A1
INFO:root:Pospie troche...
INFO:root:Nie zaznaczono krzyzyka w A1
INFO:root:Pospie troche...
INFO:root:Nie zaznaczono krzyzyka w A1
INFO:root:Pospie troche...
INFO:root:Nie zaznaczono krzyzyka w A1
INFO:root:Pospie troche...
INFO:root:Nie zaznaczono krzyzyka w A1
INFO:root:Pospie troche...
INFO:root:Nie zaznaczono krzyzyka w A1
INFO:root:Pospie troche...
INFO:root:Nie zaznaczono krzyzyka w A1
INFO:root:Pospie troche...
INFO:root:Nie zaznaczono krzyzyka w A1
INFO:root:Pospie troche...
INFO:root:Nie zaznaczono krzyzyka w A1
INFO:root:Pospie troche...
INFO:root:Nie zaznaczono krzyzyka w A1
INFO:root:Pospie troche...
INFO:root:Nie zaznaczono krzyzyka w A1
INFO:root:Pospie troche...
INFO:root:Nie zaznaczono krzyzyka w A1
INFO:root:Pospie troche...
INFO:root:Nie zaznaczono krzyzyka w A1
INFO:root:Pospie troche...
INFO:root:Nie zaznaczono krzyzyka w A1
INFO:root:Pospie troche...
INFO:root:Nie zaznaczono krzyzyka w A1
INFO:root:Pospie troche...
INFO:root:Nie zaznaczono krzyzyka w A1
INFO:root:Pospie troche...
INFO:root:Nie zaznaczono krzyzyka w A1
INFO:root:Pospie troche...
INFO:root:Nie zaznaczono krzyzyka w A1
INFO:root:Pospie troche...
INFO:root:Nie zaznaczono krzyzyka w A1
INFO:root:Pospie troche...
INFO:root:Nie zaznaczono krzyzyka w A1
INFO:root:Pospie troche...
INFO:root:Nie zaznaczono krzyzyka w A1
INFO:root:Pospie troche...
INFO:root:Nie zaznaczono krzyzyka w A1
INFO:root:Pospie troche...
INFO:root:Nie zaznaczono krzyzyka w A1
INFO:root:Pospie troche...
INFO:root:Nie zaznaczono krzyzyka w A1
INFO:root:Pospie troche...
INFO:root:Nie zaznaczono krzyzyka w A1
INFO:root:Pospie troche...
INFO:root:Nie zaznaczono krzyzyka w A1
INFO:root:Pospie troche...
INFO:root:Nie zaznaczono krzyzyka w A1
INFO:root:Pospie troche...
INFO:root:Nie zaznaczono krzyzyka w A1
INFO:root:Pospie troche...
INFO:root:Nie zaznaczono krzyzyka w A1
INFO:root:Pospie troche...
INFO:root:Nie zaznaczono krzyzyka w A1
INFO:root:Pospie troche...
INFO:root:Nie zaznaczono krzyzyka w A1
INFO:root:Pospie troche...
INFO:root:Nie zaznaczono krzyzyka w A1
INFO:root:Pospie troche...
INFO:root:Nie zaznaczono krzyzyka w A1
INFO:root:Pospie troche...
INFO:root:Nie zaznaczono krzyzyka w A1
INFO:root:Pospie troche...
INFO:root:Nie zaznaczono krzyzyka w A1
INFO:root:Pospie troche...
INFO:root:Nie zaznaczono krzyzyka w A1
INFO:root:Pospie troche...
INFO:root:Nie zaznaczono krzyzyka w A1
INFO:root:Pospie troche...
INFO:root:Nie zaznaczono krzyzyka w A1
INFO:root:Pospie troche...
INFO:root:Nie zaznaczono krzyzyka w A1
INFO:root:Pospie troche...
INFO:root:Nie zaznaczono krzyzyka w A1
INFO:root:Pospie troche...
INFO:root:Nie zaznaczono krzyzyka w A1
INFO:root:Pospie troche...
INFO:root:Nie zaznaczono krzyzyka w A1
INFO:root:Pospie troche...
INFO:root:Nie zaznaczono krzyzyka w A1
INFO:root:Pospie troche...
INFO:root:Nie zaznaczono krzyzyka w A1
INFO:root:Pospie troche...
INFO:root:Nie zaznaczono krzyzyka w A1
INFO:root:Pospie troche...
INFO:root:Nie zaznaczono krzyzyka w A1
INFO:root:Pospie troche...
INFO:root:Nie zaznaczono krzyzyka w A1
INFO:root:Pospie troche...
INFO:root:Nie zaznaczono krzyzyka w A1
INFO:root:Pospie troche...
INFO:root:Nie zaznaczono krzyzyka w A1
INFO:root:Pospie troche...
INFO:root:Nie zaznaczono krzyzyka w A1
INFO:root:Pospie troche...
INFO:root:Nie zaznaczono krzyzyka w A1
INFO:root:Pospie troche...
INFO:root:Nie zaznaczono krzyzyka w A1
INFO:root:Pospie troche...
INFO:root:Nie zaznaczono krzyzyka w A1
INFO:root:Pospie troche...
INFO:root:Nie zaznaczono krzyzyka w A1
INFO:root:Pospie troche...
INFO:root:Nie zaznaczono krzyzyka w A1
INFO:root:Pospie troche...
INFO:root:Nie zaznaczono krzyzyka w A1
INFO:root:Pospie troche...
INFO:root:Nie zaznaczono krzyzyka w A1
INFO:root:Pospie troche...
INFO:root:Nie zaznaczono krzyzyka w A1
INFO:root:Pospie troche...
INFO:root:Nie zaznaczono krzyzyka w A1
INFO:root:Pospie troche...
INFO:root:Nie zaznaczono krzyzyka w A1
INFO:root:Pospie troche...
INFO:root:Nie zaznaczono krzyzyka w A1
INFO:root:Pospie troche...
INFO:root:Nie zaznaczono krzyzyka w A1
INFO:root:Pospie troche...
INFO:root:Nie zaznaczono krzyzyka w A1
INFO:root:Pospie troche...
INFO:root:Nie zaznaczono krzyzyka w A1
INFO:root:Pospie troche...
INFO:root:Nie zaznaczono krzyzyka w A1
INFO:root:Pospie troche...
INFO:root:Nie zaznaczono krzyzyka w A1
INFO:root:Pospie troche...
INFO:root:Nie zaznaczono krzyzyka w A1
INFO:root:Pospie troche...
INFO:root:Nie zaznaczono krzyzyka w A1
INFO:root:Pospie troche...
INFO:root:Nie zaznaczono krzyzyka w A1
INFO:root:Pospie troche...
INFO:root:Nie zaznaczono krzyzyka w A1
INFO:root:Pospie troche...
INFO:root:Nie zaznaczono krzyzyka w A1
INFO:root:Pospie troche...
INFO:root:Nie zaznaczono krzyzyka w A1
INFO:root:Pospie troche...
INFO:root:Nie zaznaczono krzyzyka w A1
INFO:root:Pospie troche...
INFO:root:Nie zaznaczono krzyzyka w A1
INFO:root:Pospie troche...
INFO:root:Nie zaznaczono krzyzyka w A1
INFO:root:Pospie troche...
INFO:root:Nie zaznaczono krzyzyka w A1
INFO:root:Pospie troche...
INFO:root:Nie zaznaczono krzyzyka w A1
INFO:root:Pospie troche...
INFO:root:Nie zaznaczono krzyzyka w A1
INFO:root:Pospie troche...
INFO:root:Nie zaznaczono krzyzyka w A1
INFO:root:Pospie troche...
INFO:root:Nie zaznaczono krzyzyka w A1
INFO:root:Pospie troche...
INFO:root:Nie zaznaczono krzyzyka w A1
INFO:root:Pospie troche...
INFO:root:Nie zaznaczono krzyzyka w A1
INFO:root:Pospie troche...
INFO:root:Nie zaznaczono krzyzyka w A1
INFO:root:Pospie troche...
INFO:root:Nie zaznaczono krzyzyka w A1
INFO:root:Pospie troche...
INFO:root:Nie zaznaczono krzyzyka w A1
INFO:root:Pospie troche...
INFO:root:Nie zaznaczono krzyzyka w A1
INFO:root:Pospie troche...
INFO:root:Nie zaznaczono krzyzyka w A1
INFO:root:Pospie troche...
INFO:root:Nie zaznaczono krzyzyka w A1
INFO:root:Pospie troche...
INFO:root:Nie zaznaczono krzyzyka w A1
INFO:root:Pospie troche...
INFO:root:Nie zaznaczono krzyzyka w A1
INFO:root:Pospie troche...
INFO:root:Nie zaznaczono krzyzyka w A1
INFO:root:Pospie troche...
INFO:root:Nie zaznaczono krzyzyka w A1
INFO:root:Pospie troche...
INFO:root:Nie zaznaczono krzyzyka w A1
INFO:root:Pospie troche...
INFO:root:Nie zaznaczono krzyzyka w A1
INFO:root:Pospie troche...
INFO:root:Nie zaznaczono krzyzyka w A1
INFO:root:Pospie troche...
INFO:root:Nie zaznaczono krzyzyka w A1
INFO:root:Pospie troche...
INFO:root:Nie zaznaczono krzyzyka w A1
INFO:root:Pospie troche...
INFO:root:Nie zaznaczono krzyzyka w A1
INFO:root:Pospie troche...
INFO:root:Nie zaznaczono krzyzyka w A1
INFO:root:Pospie troche...
INFO:root:Nie zaznaczono krzyzyka w A1
INFO:root:Pospie troche...
INFO:root:Nie zaznaczono krzyzyka w A1
INFO:root:Pospie troche...
INFO:root:Nie zaznaczono krzyzyka w A1
INFO:root:Pospie troche...
INFO:root:Nie zaznaczono krzyzyka w A1
INFO:root:Pospie troche...
INFO:root:Nie zaznaczono krzyzyka w A1
INFO:root:Pospie troche...
INFO:root:Nie zaznaczono krzyzyka w A1
INFO:root:Pospie troche...
INFO:root:Nie zaznaczono krzyzyka w A1
INFO:root:Pospie troche...
INFO:root:Nie zaznaczono krzyzyka w A1
INFO:root:Pospie troche...
INFO:root:Nie zaznaczono krzyzyka w A1
INFO:root:Pospie troche...
INFO:root:Nie zaznaczono krzyzyka w A1
INFO:root:Pospie troche...
INFO:root:Nie zaznaczono krzyzyka w A1
INFO:root:Pospie troche...
INFO:root:Nie zaznaczono krzyzyka w A1
INFO:root:Pospie troche...
INFO:root:Nie zaznaczono krzyzyka w A1
INFO:root:Pospie troche...
INFO:root:Nie zaznaczono krzyzyka w A1
INFO:root:Pospie troche...
INFO:root:Nie zaznaczono krzyzyka w A1
INFO:root:Pospie troche...
INFO:root:Nie zaznaczono krzyzyka w A1
INFO:root:Pospie troche...
INFO:root:Nie zaznaczono krzyzyka w A1
INFO:root:Pospie troche...
INFO:root:Nie zaznaczono krzyzyka w A1
INFO:root:Pospie troche...
INFO:root:Nie zaznaczono krzyzyka w A1
INFO:root:Pospie troche...
INFO:root:Nie zaznaczono krzyzyka w A1
INFO:root:Pospie troche...
INFO:root:Nie zaznaczono krzyzyka w A1
INFO:root:Pospie troche...
INFO:root:Nie zaznaczono krzyzyka w A1
INFO:root:Pospie troche...
INFO:root:Nie zaznaczono krzyzyka w A1
INFO:root:Pospie troche...
INFO:root:Nie zaznaczono krzyzyka w A1
INFO:root:Pospie troche...
INFO:root:Nie zaznaczono krzyzyka w A1
INFO:root:Pospie troche...
INFO:root:Nie zaznaczono krzyzyka w A1
INFO:root:Pospie troche...
INFO:root:Nie zaznaczono krzyzyka w A1
INFO:root:Pospie troche...
INFO:root:Nie zaznaczono krzyzyka w A1
INFO:root:Pospie troche...
INFO:root:Nie zaznaczono krzyzyka w A1
INFO:root:Pospie troche...
INFO:root:Nie zaznaczono krzyzyka w A1
INFO:root:Pospie troche...
INFO:root:Nie zaznaczono krzyzyka w A1
INFO:root:Pospie troche...
INFO:root:Nie zaznaczono krzyzyka w A1
INFO:root:Pospie troche...
INFO:root:Nie zaznaczono krzyzyka w A1
INFO:root:Pospie troche...
INFO:root:Nie zaznaczono krzyzyka w A1
INFO:root:Pospie troche...
INFO:root:Nie zaznaczono krzyzyka w A1
INFO:root:Pospie troche...
INFO:root:Nie zaznaczono krzyzyka w A1
INFO:root:Pospie troche...
INFO:root:Nie zaznaczono krzyzyka w A1
INFO:root:Pospie troche...
INFO:root:Nie zaznaczono krzyzyka w A1
INFO:root:Pospie troche...
INFO:root:Nie zaznaczono krzyzyka w A1
INFO:root:Pospie troche...
INFO:root:Nie zaznaczono krzyzyka w A1
INFO:root:Pospie troche...
INFO:root:Nie zaznaczono krzyzyka w A1
INFO:root:Pospie troche...
INFO:root:Nie zaznaczono krzyzyka w A1
INFO:root:Pospie troche...
INFO:root:Nie zaznaczono krzyzyka w A1
INFO:root:Pospie troche...
INFO:root:Nie zaznaczono krzyzyka w A1
INFO:root:Pospie troche...
INFO:root:Nie zaznaczono krzyzyka w A1
INFO:root:Pospie troche...
INFO:root:Nie zaznaczono krzyzyka w A1
INFO:root:Pospie troche...
INFO:root:Nie zaznaczono krzyzyka w A1
INFO:root:Pospie troche...
INFO:root:Nie zaznaczono krzyzyka w A1
INFO:root:Pospie troche...
INFO:root:Nie zaznaczono krzyzyka w A1
INFO:root:Pospie troche...
INFO:root:Nie zaznaczono krzyzyka w A1
INFO:root:Pospie troche...
INFO:root:Nie zaznaczono krzyzyka w A1
INFO:root:Pospie troche...
INFO:root:Nie zaznaczono krzyzyka w A1
INFO:root:Pospie troche...
INFO:root:Nie zaznaczono krzyzyka w A1
INFO:root:Pospie troche...
INFO:root:Nie zaznaczono krzyzyka w A1
INFO:root:Pospie troche...
INFO:root:Nie zaznaczono krzyzyka w A1
INFO:root:Pospie troche...
INFO:root:Nie zaznaczono krzyzyka w A1
INFO:root:Pospie troche...
INFO:root:Nie zaznaczono krzyzyka w A1
INFO:root:Pospie troche...
INFO:root:Nie zaznaczono krzyzyka w A1
INFO:root:Pospie troche...
INFO:root:Nie zaznaczono krzyzyka w A1
INFO:root:Pospie troche...
INFO:root:Nie zaznaczono krzyzyka w A1
INFO:root:Pospie troche...
INFO:root:Nie zaznaczono krzyzyka w A1
INFO:root:Pospie troche...
INFO:root:Nie zaznaczono krzyzyka w A1
INFO:root:Pospie troche...
INFO:root:Nie zaznaczono krzyzyka w A1
INFO:root:Pospie troche...
INFO:root:Nie zaznaczono krzyzyka w A1
INFO:root:Pospie troche...
INFO:root:Nie zaznaczono krzyzyka w A1
INFO:root:Pospie troche...
INFO:root:Nie zaznaczono krzyzyka w A1
INFO:root:Pospie troche...
INFO:root:Nie zaznaczono krzyzyka w A1
INFO:root:Pospie troche...
INFO:root:Nie zaznaczono krzyzyka w A1
INFO:root:Pospie troche...
INFO:root:Nie zaznaczono krzyzyka w A1
INFO:root:Pospie troche...
INFO:root:Nie zaznaczono krzyzyka w A1
INFO:root:Pospie troche...
INFO:root:Nie zaznaczono krzyzyka w A1
INFO:root:Pospie troche...
INFO:root:Nie zaznaczono krzyzyka w A1
INFO:root:Pospie troche...
INFO:root:Nie zaznaczono krzyzyka w A1
INFO:root:Pospie troche...
INFO:root:Nie zaznaczono krzyzyka w A1
INFO:root:Pospie troche...
INFO:root:Nie zaznaczono krzyzyka w A1
INFO:root:Pospie troche...
INFO:root:Nie zaznaczono krzyzyka w A1
INFO:root:Pospie troche...
INFO:root:Nie zaznaczono krzyzyka w A1
INFO:root:Pospie troche...
INFO:root:Nie zaznaczono krzyzyka w A1
INFO:root:Pospie troche...
INFO:root:Nie zaznaczono krzyzyka w A1
INFO:root:Pospie troche...
INFO:root:Nie zaznaczono krzyzyka w A1
INFO:root:Pospie troche...
INFO:root:Nie zaznaczono krzyzyka w A1
INFO:root:Pospie troche...
INFO:root:Nie zaznaczono krzyzyka w A1
INFO:root:Pospie troche...
INFO:root:Nie zaznaczono krzyzyka w A1
INFO:root:Pospie troche...
INFO:root:Nie zaznaczono krzyzyka w A1
INFO:root:Pospie troche...
INFO:root:Nie zaznaczono krzyzyka w A1
INFO:root:Pospie troche...
INFO:root:Nie zaznaczono krzyzyka w A1
INFO:root:Pospie troche...
INFO:root:Nie zaznaczono krzyzyka w A1
INFO:root:Pospie troche...
INFO:root:Nie zaznaczono krzyzyka w A1
INFO:root:Pospie troche...
INFO:root:Nie zaznaczono krzyzyka w A1
INFO:root:Pospie troche...
INFO:root:Nie zaznaczono krzyzyka w A1
INFO:root:Pospie troche...
INFO:root:Nie zaznaczono krzyzyka w A1
INFO:root:Pospie troche...
INFO:root:Nie zaznaczono krzyzyka w A1
INFO:root:Pospie troche...
INFO:root:Nie zaznaczono krzyzyka w A1
INFO:root:Pospie troche...
INFO:root:Nie zaznaczono krzyzyka w A1
INFO:root:Pospie troche...
INFO:root:Nie zaznaczono krzyzyka w A1
INFO:root:Pospie troche...
INFO:root:Nie zaznaczono krzyzyka w A1
INFO:root:Pospie troche...
INFO:root:Nie zaznaczono krzyzyka w A1
INFO:root:Pospie troche...
INFO:root:Nie zaznaczono krzyzyka w A1
INFO:root:Pospie troche...
INFO:root:Nie zaznaczono krzyzyka w A1
INFO:root:Pospie troche...
INFO:root:Nie zaznaczono krzyzyka w A1
INFO:root:Pospie troche...
INFO:root:Nie zaznaczono krzyzyka w A1
INFO:root:Pospie troche...
INFO:root:Nie zaznaczono krzyzyka w A1
INFO:root:Pospie troche...
INFO:root:Nie zaznaczono krzyzyka w A1
INFO:root:Pospie troche...
INFO:root:Nie zaznaczono krzyzyka w A1
INFO:root:Pospie troche...
INFO:root:Nie zaznaczono krzyzyka w A1
INFO:root:Pospie troche...
INFO:root:Nie zaznaczono krzyzyka w A1
INFO:root:Pospie troche...
INFO:root:Nie zaznaczono krzyzyka w A1
INFO:root:Pospie troche...
INFO:root:Nie zaznaczono krzyzyka w A1
INFO:root:Pospie troche...
INFO:root:Nie zaznaczono krzyzyka w A1
INFO:root:Pospie troche...
INFO:root:Nie zaznaczono krzyzyka w A1
INFO:root:Pospie troche...
INFO:root:Nie zaznaczono krzyzyka w A1
INFO:root:Pospie troche...
INFO:root:Nie zaznaczono krzyzyka w A1
INFO:root:Pospie troche...
INFO:root:Nie zaznaczono krzyzyka w A1
INFO:root:Pospie troche...
INFO:root:Nie zaznaczono krzyzyka w A1
INFO:root:Pospie troche...
INFO:root:Nie zaznaczono krzyzyka w A1
INFO:root:Pospie troche...
INFO:root:Nie zaznaczono krzyzyka w A1
INFO:root:Pospie troche...
INFO:root:Nie zaznaczono krzyzyka w A1
INFO:root:Pospie troche...
INFO:root:Nie zaznaczono krzyzyka w A1
INFO:root:Pospie troche...
INFO:root:Nie zaznaczono krzyzyka w A1
INFO:root:Pospie troche...
INFO:root:Nie zaznaczono krzyzyka w A1
INFO:root:Pospie troche...
INFO:root:Nie zaznaczono krzyzyka w A1
INFO:root:Pospie troche...
INFO:root:Nie zaznaczono krzyzyka w A1
INFO:root:Pospie troche...
INFO:root:Nie zaznaczono krzyzyka w A1
INFO:root:Pospie troche...
INFO:root:Nie zaznaczono krzyzyka w A1
INFO:root:Pospie troche...
INFO:root:Nie zaznaczono krzyzyka w A1
INFO:root:Pospie troche...
INFO:root:Nie zaznaczono krzyzyka w A1
INFO:root:Pospie troche...
INFO:root:Nie zaznaczono krzyzyka w A1
INFO:root:Pospie troche...
INFO:root:Nie zaznaczono krzyzyka w A1
INFO:root:Pospie troche...
INFO:root:Nie zaznaczono krzyzyka w A1
INFO:root:Pospie troche...
INFO:root:Nie zaznaczono krzyzyka w A1
INFO:root:Pospie troche...
INFO:root:Nie zaznaczono krzyzyka w A1
INFO:root:Pospie troche...
INFO:root:Nie zaznaczono krzyzyka w A1
INFO:root:Pospie troche...
INFO:root:Nie zaznaczono krzyzyka w A1
INFO:root:Pospie troche...
INFO:root:Nie zaznaczono krzyzyka w A1
INFO:root:Pospie troche...
INFO:root:Nie zaznaczono krzyzyka w A1
INFO:root:Pospie troche...
INFO:root:Nie zaznaczono krzyzyka w A1
INFO:root:Pospie troche...
INFO:root:Nie zaznaczono krzyzyka w A1
INFO:root:Pospie troche...
INFO:root:Nie zaznaczono krzyzyka w A1
INFO:root:Pospie troche...
INFO:root:Nie zaznaczono krzyzyka w A1
INFO:root:Pospie troche...
INFO:root:Nie zaznaczono krzyzyka w A1
INFO:root:Pospie troche...
INFO:root:Nie zaznaczono krzyzyka w A1
INFO:root:Pospie troche...
INFO:root:Nie zaznaczono krzyzyka w A1
INFO:root:Pospie troche...
INFO:root:Nie zaznaczono krzyzyka w A1
INFO:root:Pospie troche...
INFO:root:Nie zaznaczono krzyzyka w A1
INFO:root:Pospie troche...
INFO:root:Nie zaznaczono krzyzyka w A1
INFO:root:Pospie troche...
INFO:root:Nie zaznaczono krzyzyka w A1
INFO:root:Pospie troche...
INFO:root:Nie zaznaczono krzyzyka w A1
INFO:root:Pospie troche...
INFO:root:Nie zaznaczono krzyzyka w A1
INFO:root:Pospie troche...
INFO:root:Nie zaznaczono krzyzyka w A1
INFO:root:Pospie troche...
INFO:root:Nie zaznaczono krzyzyka w A1
INFO:root:Pospie troche...
INFO:root:Nie zaznaczono krzyzyka w A1
INFO:root:Pospie troche...
INFO:root:Nie zaznaczono krzyzyka w A1
INFO:root:Pospie troche...
INFO:root:Nie zaznaczono krzyzyka w A1
INFO:root:Pospie troche...
INFO:root:Nie zaznaczono krzyzyka w A1
INFO:root:Pospie troche...
INFO:root:Nie zaznaczono krzyzyka w A1
INFO:root:Pospie troche...
INFO:root:Nie zaznaczono krzyzyka w A1
INFO:root:Pospie troche...
INFO:root:Nie zaznaczono krzyzyka w A1
INFO:root:Pospie troche...
INFO:root:Nie zaznaczono krzyzyka w A1
INFO:root:Pospie troche...
INFO:root:Nie zaznaczono krzyzyka w A1
INFO:root:Pospie troche...
INFO:root:Nie zaznaczono krzyzyka w A1
INFO:root:Pospie troche...
INFO:root:Nie zaznaczono krzyzyka w A1
INFO:root:Pospie troche...
INFO:root:Nie zaznaczono krzyzyka w A1
INFO:root:Pospie troche...
INFO:root:Nie zaznaczono krzyzyka w A1
INFO:root:Pospie troche...
INFO:root:Nie zaznaczono krzyzyka w A1
INFO:root:Pospie troche...
INFO:root:Nie zaznaczono krzyzyka w A1
INFO:root:Pospie troche...
INFO:root:Nie zaznaczono krzyzyka w A1
INFO:root:Pospie troche...
INFO:root:Nie zaznaczono krzyzyka w A1
INFO:root:Pospie troche...
INFO:root:Nie zaznaczono krzyzyka w A1
INFO:root:Pospie troche...
INFO:root:Nie zaznaczono krzyzyka w A1
INFO:root:Pospie troche...
INFO:root:Nie zaznaczono krzyzyka w A1
INFO:root:Pospie troche...
INFO:root:Nie zaznaczono krzyzyka w A1
INFO:root:Pospie troche...
INFO:root:Nie zaznaczono krzyzyka w A1
INFO:root:Pospie troche...
INFO:root:Nie zaznaczono krzyzyka w A1
INFO:root:Pospie troche...
INFO:root:Nie zaznaczono krzyzyka w A1
INFO:root:Pospie troche...
INFO:root:Nie zaznaczono krzyzyka w A1
INFO:root:Pospie troche...
INFO:root:Nie zaznaczono krzyzyka w A1
INFO:root:Pospie troche...
INFO:root:Nie zaznaczono krzyzyka w A1
INFO:root:Pospie troche...
INFO:root:Nie zaznaczono krzyzyka w A1
INFO:root:Pospie troche...
INFO:root:Nie zaznaczono krzyzyka w A1
INFO:root:Pospie troche...
INFO:root:Nie zaznaczono krzyzyka w A1
INFO:root:Pospie troche...
INFO:root:Nie zaznaczono krzyzyka w A1
INFO:root:Pospie troche...
INFO:root:Nie zaznaczono krzyzyka w A1
INFO:root:Pospie troche...
INFO:root:Nie zaznaczono krzyzyka w A1
INFO:root:Pospie troche...
INFO:root:Nie zaznaczono krzyzyka w A1
INFO:root:Pospie troche...
INFO:root:Nie zaznaczono krzyzyka w A1
INFO:root:Pospie troche...
INFO:root:Nie zaznaczono krzyzyka w A1
INFO:root:Pospie troche...
INFO:root:Nie zaznaczono krzyzyka w A1
INFO:root:Pospie troche...
INFO:root:Nie zaznaczono krzyzyka w A1
INFO:root:Pospie troche...
INFO:root:Nie zaznaczono krzyzyka w A1
INFO:root:Pospie troche...
INFO:root:Nie zaznaczono krzyzyka w A1
INFO:root:Pospie troche...
INFO:root:Nie zaznaczono krzyzyka w A1
INFO:root:Pospie troche...
INFO:root:Nie zaznaczono krzyzyka w A1
INFO:root:Pospie troche...
INFO:root:Nie zaznaczono krzyzyka w A1
INFO:root:Pospie troche...
INFO:root:Nie zaznaczono krzyzyka w A1
INFO:root:Pospie troche...
INFO:root:Nie zaznaczono krzyzyka w A1
INFO:root:Pospie troche...
INFO:root:Nie zaznaczono krzyzyka w A1
INFO:root:Pospie troche...
INFO:root:Nie zaznaczono krzyzyka w A1
INFO:root:Pospie troche...
INFO:root:Nie zaznaczono krzyzyka w A1
INFO:root:Pospie troche...
INFO:root:Nie zaznaczono krzyzyka w A1
INFO:root:Pospie troche...
INFO:root:Nie zaznaczono krzyzyka w A1
INFO:root:Pospie troche...
INFO:root:Nie zaznaczono krzyzyka w A1
INFO:root:Pospie troche...
INFO:root:Nie zaznaczono krzyzyka w A1
INFO:root:Pospie troche...
INFO:root:Nie zaznaczono krzyzyka w A1
INFO:root:Pospie troche...
INFO:root:Nie zaznaczono krzyzyka w A1
INFO:root:Pospie troche...
INFO:root:Nie zaznaczono krzyzyka w A1
INFO:root:Pospie troche...
INFO:root:Nie zaznaczono krzyzyka w A1
INFO:root:Pospie troche...
INFO:root:Nie zaznaczono krzyzyka w A1
INFO:root:Pospie troche...
INFO:root:Nie zaznaczono krzyzyka w A1
INFO:root:Pospie troche...
INFO:root:Nie zaznaczono krzyzyka w A1
INFO:root:Pospie troche...
INFO:root:Nie zaznaczono krzyzyka w A1
INFO:root:Pospie troche...
INFO:root:Nie zaznaczono krzyzyka w A1
INFO:root:Pospie troche...
INFO:root:Nie zaznaczono krzyzyka w A1
INFO:root:Pospie troche...
INFO:root:Nie zaznaczono krzyzyka w A1
INFO:root:Pospie troche...
INFO:root:Nie zaznaczono krzyzyka w A1
INFO:root:Pospie troche...
INFO:root:Nie zaznaczono krzyzyka w A1
INFO:root:Pospie troche...
INFO:root:Nie zaznaczono krzyzyka w A1
INFO:root:Pospie troche...
INFO:root:Nie zaznaczono krzyzyka w A1
INFO:root:Pospie troche...
INFO:root:Nie zaznaczono krzyzyka w A1
INFO:root:Pospie troche...
INFO:root:Nie zaznaczono krzyzyka w A1
INFO:root:Pospie troche...
INFO:root:Nie zaznaczono krzyzyka w A1
INFO:root:Pospie troche...
INFO:root:Nie zaznaczono krzyzyka w A1
INFO:root:Pospie troche...
INFO:root:Nie zaznaczono krzyzyka w A1
INFO:root:Pospie troche...
INFO:root:Nie zaznaczono krzyzyka w A1
INFO:root:Pospie troche...
INFO:root:Nie zaznaczono krzyzyka w A1
INFO:root:Pospie troche...
INFO:root:Nie zaznaczono krzyzyka w A1
INFO:root:Pospie troche...
INFO:root:Nie zaznaczono krzyzyka w A1
INFO:root:Pospie troche...
INFO:root:Nie zaznaczono krzyzyka w A1
INFO:root:Pospie troche...
INFO:root:Nie zaznaczono krzyzyka w A1
INFO:root:Pospie troche...
INFO:root:Nie zaznaczono krzyzyka w A1
INFO:root:Pospie troche...
INFO:root:Nie zaznaczono krzyzyka w A1
INFO:root:Pospie troche...
INFO:root:Nie zaznaczono krzyzyka w A1
INFO:root:Pospie troche...
INFO:root:Nie zaznaczono krzyzyka w A1
INFO:root:Pospie troche...
INFO:root:Nie zaznaczono krzyzyka w A1
INFO:root:Pospie troche...
INFO:root:Nie zaznaczono krzyzyka w A1
INFO:root:Pospie troche...
INFO:root:Nie zaznaczono krzyzyka w A1
INFO:root:Pospie troche...
INFO:root:Nie zaznaczono krzyzyka w A1
INFO:root:Pospie troche...
INFO:root:Nie zaznaczono krzyzyka w A1
INFO:root:Pospie troche...
INFO:root:Nie zaznaczono krzyzyka w A1
INFO:root:Pospie troche...
INFO:root:Nie zaznaczono krzyzyka w A1
INFO:root:Pospie troche...
INFO:root:Nie zaznaczono krzyzyka w A1
INFO:root:Pospie troche...
INFO:root:Nie zaznaczono krzyzyka w A1
INFO:root:Pospie troche...
INFO:root:Nie zaznaczono krzyzyka w A1
INFO:root:Pospie troche...
INFO:root:Nie zaznaczono krzyzyka w A1
INFO:root:Pospie troche...
INFO:root:Nie zaznaczono krzyzyka w A1
INFO:root:Pospie troche...
INFO:root:Nie zaznaczono krzyzyka w A1
INFO:root:Pospie troche...
INFO:root:Nie zaznaczono krzyzyka w A1
INFO:root:Pospie troche...
INFO:root:Nie zaznaczono krzyzyka w A1
INFO:root:Pospie troche...
INFO:root:Nie zaznaczono krzyzyka w A1
INFO:root:Pospie troche...
INFO:root:Nie zaznaczono krzyzyka w A1
INFO:root:Pospie troche...
INFO:root:Nie zaznaczono krzyzyka w A1
INFO:root:Pospie troche...
INFO:root:Nie zaznaczono krzyzyka w A1
INFO:root:Pospie troche...
INFO:root:Nie zaznaczono krzyzyka w A1
INFO:root:Pospie troche...
INFO:root:Nie zaznaczono krzyzyka w A1
INFO:root:Pospie troche...
INFO:root:Nie zaznaczono krzyzyka w A1
INFO:root:Pospie troche...
INFO:root:Nie zaznaczono krzyzyka w A1
INFO:root:Pospie troche...
INFO:root:Nie zaznaczono krzyzyka w A1
INFO:root:Pospie troche...
INFO:root:Nie zaznaczono krzyzyka w A1
INFO:root:Pospie troche...
INFO:root:Nie zaznaczono krzyzyka w A1
INFO:root:Pospie troche...
INFO:root:Nie zaznaczono krzyzyka w A1
INFO:root:Pospie troche...
INFO:root:Nie zaznaczono krzyzyka w A1
INFO:root:Pospie troche...
INFO:root:Nie zaznaczono krzyzyka w A1
INFO:root:Pospie troche...
INFO:root:Nie zaznaczono krzyzyka w A1
INFO:root:Pospie troche...
INFO:root:Nie zaznaczono krzyzyka w A1
INFO:root:Pospie troche...
INFO:root:Nie zaznaczono krzyzyka w A1
INFO:root:Pospie troche...
INFO:root:Nie zaznaczono krzyzyka w A1
INFO:root:Pospie troche...
INFO:root:Nie zaznaczono krzyzyka w A1
INFO:root:Pospie troche...
INFO:root:Nie zaznaczono krzyzyka w A1
INFO:root:Pospie troche...
INFO:root:Nie zaznaczono krzyzyka w A1
INFO:root:Pospie troche...
INFO:root:Nie zaznaczono krzyzyka w A1
INFO:root:Pospie troche...
INFO:root:Nie zaznaczono krzyzyka w A1
INFO:root:Pospie troche...
INFO:root:Nie zaznaczono krzyzyka w A1
INFO:root:Pospie troche...
INFO:root:Nie zaznaczono krzyzyka w A1
INFO:root:Pospie troche...
INFO:root:Nie zaznaczono krzyzyka w A1
INFO:root:Pospie troche...
INFO:root:Nie zaznaczono krzyzyka w A1
INFO:root:Pospie troche...
INFO:root:Nie zaznaczono krzyzyka w A1
INFO:root:Pospie troche...
INFO:root:Nie zaznaczono krzyzyka w A1
INFO:root:Pospie troche...
INFO:root:Nie zaznaczono krzyzyka w A1
INFO:root:Pospie troche...
INFO:root:Nie zaznaczono krzyzyka w A1
INFO:root:Pospie troche...
INFO:root:Nie zaznaczono krzyzyka w A1
INFO:root:Pospie troche...
INFO:root:Nie zaznaczono krzyzyka w A1
INFO:root:Pospie troche...
INFO:root:Nie zaznaczono krzyzyka w A1
INFO:root:Pospie troche...
INFO:root:Nie zaznaczono krzyzyka w A1
INFO:root:Pospie troche...
INFO:root:Nie zaznaczono krzyzyka w A1
INFO:root:Pospie troche...
INFO:googleapiclient.discovery:URL being requested: GET https://www.googleapis.com/drive/v3/files/1GkJn3AyHLRftVHzHuViml6gMbjbS9EQ20kVSXTvXxhQ/export?mimeType=application%2Fvnd.openxmlformats-officedocument.spreadsheetml.sheet&alt=media
